<?xml version="1.0" encoding="UTF-8"?>
<testsuites>
  <testsuite name="" tests="42" assertions="0" errors="42" warnings="0" failures="0" skipped="0" time="0.510320">
    <testsuite name="Feature" tests="42" assertions="0" errors="42" warnings="0" failures="0" skipped="0" time="0.510320">
      <testsuite name="Tests\Feature\BooksListTest" file="/home/amir/Documents/Vandar/tasks/tasks/a/example-app/tests/Feature/BookListTest.php" tests="7" assertions="0" errors="7" warnings="0" failures="0" skipped="0" time="0.185520">
        <testcase name="testResponseStructure" class="Tests\Feature\BooksListTest" classname="Tests.Feature.BooksListTest" file="/home/amir/Documents/Vandar/tasks/tasks/a/example-app/tests/Feature/BookListTest.php" line="14" assertions="0" time="0.133730">
          <error type="Illuminate\Database\QueryException">Tests\Feature\BooksListTest::testResponseStructure
Illuminate\Database\QueryException: could not find driver (SQL: PRAGMA foreign_keys = ON;)

/home/amir/Documents/Vandar/tasks/tasks/a/example-app/vendor/laravel/framework/src/Illuminate/Database/Connection.php:712
/home/amir/Documents/Vandar/tasks/tasks/a/example-app/vendor/laravel/framework/src/Illuminate/Database/Connection.php:672
/home/amir/Documents/Vandar/tasks/tasks/a/example-app/vendor/laravel/framework/src/Illuminate/Database/Connection.php:502
/home/amir/Documents/Vandar/tasks/tasks/a/example-app/vendor/laravel/framework/src/Illuminate/Database/Schema/Builder.php:340
/home/amir/Documents/Vandar/tasks/tasks/a/example-app/vendor/laravel/framework/src/Illuminate/Database/SQLiteConnection.php:37
/home/amir/Documents/Vandar/tasks/tasks/a/example-app/vendor/laravel/framework/src/Illuminate/Database/Connectors/ConnectionFactory.php:282
/home/amir/Documents/Vandar/tasks/tasks/a/example-app/vendor/laravel/framework/src/Illuminate/Database/Connectors/ConnectionFactory.php:76
/home/amir/Documents/Vandar/tasks/tasks/a/example-app/vendor/laravel/framework/src/Illuminate/Database/Connectors/ConnectionFactory.php:50
/home/amir/Documents/Vandar/tasks/tasks/a/example-app/vendor/laravel/framework/src/Illuminate/Database/DatabaseManager.php:140
/home/amir/Documents/Vandar/tasks/tasks/a/example-app/vendor/laravel/framework/src/Illuminate/Database/DatabaseManager.php:95
/home/amir/Documents/Vandar/tasks/tasks/a/example-app/vendor/laravel/framework/src/Illuminate/Database/Migrations/DatabaseMigrationRepository.php:211
/home/amir/Documents/Vandar/tasks/tasks/a/example-app/vendor/laravel/framework/src/Illuminate/Database/Migrations/DatabaseMigrationRepository.php:167
/home/amir/Documents/Vandar/tasks/tasks/a/example-app/vendor/laravel/framework/src/Illuminate/Database/Migrations/Migrator.php:673
/home/amir/Documents/Vandar/tasks/tasks/a/example-app/vendor/laravel/framework/src/Illuminate/Database/Console/Migrations/MigrateCommand.php:106
/home/amir/Documents/Vandar/tasks/tasks/a/example-app/vendor/laravel/framework/src/Illuminate/Database/Console/Migrations/MigrateCommand.php:77
/home/amir/Documents/Vandar/tasks/tasks/a/example-app/vendor/laravel/framework/src/Illuminate/Database/Migrations/Migrator.php:606
/home/amir/Documents/Vandar/tasks/tasks/a/example-app/vendor/laravel/framework/src/Illuminate/Database/Console/Migrations/MigrateCommand.php:94
/home/amir/Documents/Vandar/tasks/tasks/a/example-app/vendor/laravel/framework/src/Illuminate/Container/BoundMethod.php:36
/home/amir/Documents/Vandar/tasks/tasks/a/example-app/vendor/laravel/framework/src/Illuminate/Container/Util.php:40
/home/amir/Documents/Vandar/tasks/tasks/a/example-app/vendor/laravel/framework/src/Illuminate/Container/BoundMethod.php:93
/home/amir/Documents/Vandar/tasks/tasks/a/example-app/vendor/laravel/framework/src/Illuminate/Container/BoundMethod.php:37
/home/amir/Documents/Vandar/tasks/tasks/a/example-app/vendor/laravel/framework/src/Illuminate/Container/Container.php:653
/home/amir/Documents/Vandar/tasks/tasks/a/example-app/vendor/laravel/framework/src/Illuminate/Console/Command.php:136
/home/amir/Documents/Vandar/tasks/tasks/a/example-app/vendor/symfony/console/Command/Command.php:298
/home/amir/Documents/Vandar/tasks/tasks/a/example-app/vendor/laravel/framework/src/Illuminate/Console/Command.php:121
/home/amir/Documents/Vandar/tasks/tasks/a/example-app/vendor/symfony/console/Application.php:1015
/home/amir/Documents/Vandar/tasks/tasks/a/example-app/vendor/symfony/console/Application.php:299
/home/amir/Documents/Vandar/tasks/tasks/a/example-app/vendor/symfony/console/Application.php:171
/home/amir/Documents/Vandar/tasks/tasks/a/example-app/vendor/laravel/framework/src/Illuminate/Console/Application.php:94
/home/amir/Documents/Vandar/tasks/tasks/a/example-app/vendor/laravel/framework/src/Illuminate/Console/Application.php:186
/home/amir/Documents/Vandar/tasks/tasks/a/example-app/vendor/laravel/framework/src/Illuminate/Foundation/Console/Kernel.php:263
/home/amir/Documents/Vandar/tasks/tasks/a/example-app/vendor/laravel/framework/src/Illuminate/Testing/PendingCommand.php:260
/home/amir/Documents/Vandar/tasks/tasks/a/example-app/vendor/laravel/framework/src/Illuminate/Testing/PendingCommand.php:413
/home/amir/Documents/Vandar/tasks/tasks/a/example-app/vendor/laravel/framework/src/Illuminate/Foundation/Testing/Concerns/InteractsWithConsole.php:66
/home/amir/Documents/Vandar/tasks/tasks/a/example-app/vendor/laravel/framework/src/Illuminate/Foundation/Testing/RefreshDatabase.php:45
/home/amir/Documents/Vandar/tasks/tasks/a/example-app/vendor/laravel/framework/src/Illuminate/Foundation/Testing/RefreshDatabase.php:20
/home/amir/Documents/Vandar/tasks/tasks/a/example-app/vendor/laravel/framework/src/Illuminate/Foundation/Testing/TestCase.php:122
/home/amir/Documents/Vandar/tasks/tasks/a/example-app/vendor/laravel/framework/src/Illuminate/Foundation/Testing/TestCase.php:91</error>
        </testcase>
        <testcase name="testListWithoutFilters" class="Tests\Feature\BooksListTest" classname="Tests.Feature.BooksListTest" file="/home/amir/Documents/Vandar/tasks/tasks/a/example-app/tests/Feature/BookListTest.php" line="72" assertions="0" time="0.005347">
          <error type="Illuminate\Database\QueryException">Tests\Feature\BooksListTest::testListWithoutFilters
Illuminate\Database\QueryException: could not find driver (SQL: PRAGMA foreign_keys = ON;)

/home/amir/Documents/Vandar/tasks/tasks/a/example-app/vendor/laravel/framework/src/Illuminate/Database/Connection.php:712
/home/amir/Documents/Vandar/tasks/tasks/a/example-app/vendor/laravel/framework/src/Illuminate/Database/Connection.php:672
/home/amir/Documents/Vandar/tasks/tasks/a/example-app/vendor/laravel/framework/src/Illuminate/Database/Connection.php:502
/home/amir/Documents/Vandar/tasks/tasks/a/example-app/vendor/laravel/framework/src/Illuminate/Database/Schema/Builder.php:340
/home/amir/Documents/Vandar/tasks/tasks/a/example-app/vendor/laravel/framework/src/Illuminate/Database/SQLiteConnection.php:37
/home/amir/Documents/Vandar/tasks/tasks/a/example-app/vendor/laravel/framework/src/Illuminate/Database/Connectors/ConnectionFactory.php:282
/home/amir/Documents/Vandar/tasks/tasks/a/example-app/vendor/laravel/framework/src/Illuminate/Database/Connectors/ConnectionFactory.php:76
/home/amir/Documents/Vandar/tasks/tasks/a/example-app/vendor/laravel/framework/src/Illuminate/Database/Connectors/ConnectionFactory.php:50
/home/amir/Documents/Vandar/tasks/tasks/a/example-app/vendor/laravel/framework/src/Illuminate/Database/DatabaseManager.php:140
/home/amir/Documents/Vandar/tasks/tasks/a/example-app/vendor/laravel/framework/src/Illuminate/Database/DatabaseManager.php:95
/home/amir/Documents/Vandar/tasks/tasks/a/example-app/vendor/laravel/framework/src/Illuminate/Database/Migrations/DatabaseMigrationRepository.php:211
/home/amir/Documents/Vandar/tasks/tasks/a/example-app/vendor/laravel/framework/src/Illuminate/Database/Migrations/DatabaseMigrationRepository.php:167
/home/amir/Documents/Vandar/tasks/tasks/a/example-app/vendor/laravel/framework/src/Illuminate/Database/Migrations/Migrator.php:673
/home/amir/Documents/Vandar/tasks/tasks/a/example-app/vendor/laravel/framework/src/Illuminate/Database/Console/Migrations/MigrateCommand.php:106
/home/amir/Documents/Vandar/tasks/tasks/a/example-app/vendor/laravel/framework/src/Illuminate/Database/Console/Migrations/MigrateCommand.php:77
/home/amir/Documents/Vandar/tasks/tasks/a/example-app/vendor/laravel/framework/src/Illuminate/Database/Migrations/Migrator.php:606
/home/amir/Documents/Vandar/tasks/tasks/a/example-app/vendor/laravel/framework/src/Illuminate/Database/Console/Migrations/MigrateCommand.php:94
/home/amir/Documents/Vandar/tasks/tasks/a/example-app/vendor/laravel/framework/src/Illuminate/Container/BoundMethod.php:36
/home/amir/Documents/Vandar/tasks/tasks/a/example-app/vendor/laravel/framework/src/Illuminate/Container/Util.php:40
/home/amir/Documents/Vandar/tasks/tasks/a/example-app/vendor/laravel/framework/src/Illuminate/Container/BoundMethod.php:93
/home/amir/Documents/Vandar/tasks/tasks/a/example-app/vendor/laravel/framework/src/Illuminate/Container/BoundMethod.php:37
/home/amir/Documents/Vandar/tasks/tasks/a/example-app/vendor/laravel/framework/src/Illuminate/Container/Container.php:653
/home/amir/Documents/Vandar/tasks/tasks/a/example-app/vendor/laravel/framework/src/Illuminate/Console/Command.php:136
/home/amir/Documents/Vandar/tasks/tasks/a/example-app/vendor/symfony/console/Command/Command.php:298
/home/amir/Documents/Vandar/tasks/tasks/a/example-app/vendor/laravel/framework/src/Illuminate/Console/Command.php:121
/home/amir/Documents/Vandar/tasks/tasks/a/example-app/vendor/symfony/console/Application.php:1015
/home/amir/Documents/Vandar/tasks/tasks/a/example-app/vendor/symfony/console/Application.php:299
/home/amir/Documents/Vandar/tasks/tasks/a/example-app/vendor/symfony/console/Application.php:171
/home/amir/Documents/Vandar/tasks/tasks/a/example-app/vendor/laravel/framework/src/Illuminate/Console/Application.php:94
/home/amir/Documents/Vandar/tasks/tasks/a/example-app/vendor/laravel/framework/src/Illuminate/Console/Application.php:186
/home/amir/Documents/Vandar/tasks/tasks/a/example-app/vendor/laravel/framework/src/Illuminate/Foundation/Console/Kernel.php:263
/home/amir/Documents/Vandar/tasks/tasks/a/example-app/vendor/laravel/framework/src/Illuminate/Testing/PendingCommand.php:260
/home/amir/Documents/Vandar/tasks/tasks/a/example-app/vendor/laravel/framework/src/Illuminate/Testing/PendingCommand.php:413
/home/amir/Documents/Vandar/tasks/tasks/a/example-app/vendor/laravel/framework/src/Illuminate/Foundation/Testing/Concerns/InteractsWithConsole.php:66
/home/amir/Documents/Vandar/tasks/tasks/a/example-app/vendor/laravel/framework/src/Illuminate/Foundation/Testing/RefreshDatabase.php:45
/home/amir/Documents/Vandar/tasks/tasks/a/example-app/vendor/laravel/framework/src/Illuminate/Foundation/Testing/RefreshDatabase.php:20
/home/amir/Documents/Vandar/tasks/tasks/a/example-app/vendor/laravel/framework/src/Illuminate/Foundation/Testing/TestCase.php:122
/home/amir/Documents/Vandar/tasks/tasks/a/example-app/vendor/laravel/framework/src/Illuminate/Foundation/Testing/TestCase.php:91</error>
        </testcase>
        <testcase name="testTitleFilter" class="Tests\Feature\BooksListTest" classname="Tests.Feature.BooksListTest" file="/home/amir/Documents/Vandar/tasks/tasks/a/example-app/tests/Feature/BookListTest.php" line="92" assertions="0" time="0.006861">
          <error type="Illuminate\Database\QueryException">Tests\Feature\BooksListTest::testTitleFilter
Illuminate\Database\QueryException: could not find driver (SQL: PRAGMA foreign_keys = ON;)

/home/amir/Documents/Vandar/tasks/tasks/a/example-app/vendor/laravel/framework/src/Illuminate/Database/Connection.php:712
/home/amir/Documents/Vandar/tasks/tasks/a/example-app/vendor/laravel/framework/src/Illuminate/Database/Connection.php:672
/home/amir/Documents/Vandar/tasks/tasks/a/example-app/vendor/laravel/framework/src/Illuminate/Database/Connection.php:502
/home/amir/Documents/Vandar/tasks/tasks/a/example-app/vendor/laravel/framework/src/Illuminate/Database/Schema/Builder.php:340
/home/amir/Documents/Vandar/tasks/tasks/a/example-app/vendor/laravel/framework/src/Illuminate/Database/SQLiteConnection.php:37
/home/amir/Documents/Vandar/tasks/tasks/a/example-app/vendor/laravel/framework/src/Illuminate/Database/Connectors/ConnectionFactory.php:282
/home/amir/Documents/Vandar/tasks/tasks/a/example-app/vendor/laravel/framework/src/Illuminate/Database/Connectors/ConnectionFactory.php:76
/home/amir/Documents/Vandar/tasks/tasks/a/example-app/vendor/laravel/framework/src/Illuminate/Database/Connectors/ConnectionFactory.php:50
/home/amir/Documents/Vandar/tasks/tasks/a/example-app/vendor/laravel/framework/src/Illuminate/Database/DatabaseManager.php:140
/home/amir/Documents/Vandar/tasks/tasks/a/example-app/vendor/laravel/framework/src/Illuminate/Database/DatabaseManager.php:95
/home/amir/Documents/Vandar/tasks/tasks/a/example-app/vendor/laravel/framework/src/Illuminate/Database/Migrations/DatabaseMigrationRepository.php:211
/home/amir/Documents/Vandar/tasks/tasks/a/example-app/vendor/laravel/framework/src/Illuminate/Database/Migrations/DatabaseMigrationRepository.php:167
/home/amir/Documents/Vandar/tasks/tasks/a/example-app/vendor/laravel/framework/src/Illuminate/Database/Migrations/Migrator.php:673
/home/amir/Documents/Vandar/tasks/tasks/a/example-app/vendor/laravel/framework/src/Illuminate/Database/Console/Migrations/MigrateCommand.php:106
/home/amir/Documents/Vandar/tasks/tasks/a/example-app/vendor/laravel/framework/src/Illuminate/Database/Console/Migrations/MigrateCommand.php:77
/home/amir/Documents/Vandar/tasks/tasks/a/example-app/vendor/laravel/framework/src/Illuminate/Database/Migrations/Migrator.php:606
/home/amir/Documents/Vandar/tasks/tasks/a/example-app/vendor/laravel/framework/src/Illuminate/Database/Console/Migrations/MigrateCommand.php:94
/home/amir/Documents/Vandar/tasks/tasks/a/example-app/vendor/laravel/framework/src/Illuminate/Container/BoundMethod.php:36
/home/amir/Documents/Vandar/tasks/tasks/a/example-app/vendor/laravel/framework/src/Illuminate/Container/Util.php:40
/home/amir/Documents/Vandar/tasks/tasks/a/example-app/vendor/laravel/framework/src/Illuminate/Container/BoundMethod.php:93
/home/amir/Documents/Vandar/tasks/tasks/a/example-app/vendor/laravel/framework/src/Illuminate/Container/BoundMethod.php:37
/home/amir/Documents/Vandar/tasks/tasks/a/example-app/vendor/laravel/framework/src/Illuminate/Container/Container.php:653
/home/amir/Documents/Vandar/tasks/tasks/a/example-app/vendor/laravel/framework/src/Illuminate/Console/Command.php:136
/home/amir/Documents/Vandar/tasks/tasks/a/example-app/vendor/symfony/console/Command/Command.php:298
/home/amir/Documents/Vandar/tasks/tasks/a/example-app/vendor/laravel/framework/src/Illuminate/Console/Command.php:121
/home/amir/Documents/Vandar/tasks/tasks/a/example-app/vendor/symfony/console/Application.php:1015
/home/amir/Documents/Vandar/tasks/tasks/a/example-app/vendor/symfony/console/Application.php:299
/home/amir/Documents/Vandar/tasks/tasks/a/example-app/vendor/symfony/console/Application.php:171
/home/amir/Documents/Vandar/tasks/tasks/a/example-app/vendor/laravel/framework/src/Illuminate/Console/Application.php:94
/home/amir/Documents/Vandar/tasks/tasks/a/example-app/vendor/laravel/framework/src/Illuminate/Console/Application.php:186
/home/amir/Documents/Vandar/tasks/tasks/a/example-app/vendor/laravel/framework/src/Illuminate/Foundation/Console/Kernel.php:263
/home/amir/Documents/Vandar/tasks/tasks/a/example-app/vendor/laravel/framework/src/Illuminate/Testing/PendingCommand.php:260
/home/amir/Documents/Vandar/tasks/tasks/a/example-app/vendor/laravel/framework/src/Illuminate/Testing/PendingCommand.php:413
/home/amir/Documents/Vandar/tasks/tasks/a/example-app/vendor/laravel/framework/src/Illuminate/Foundation/Testing/Concerns/InteractsWithConsole.php:66
/home/amir/Documents/Vandar/tasks/tasks/a/example-app/vendor/laravel/framework/src/Illuminate/Foundation/Testing/RefreshDatabase.php:45
/home/amir/Documents/Vandar/tasks/tasks/a/example-app/vendor/laravel/framework/src/Illuminate/Foundation/Testing/RefreshDatabase.php:20
/home/amir/Documents/Vandar/tasks/tasks/a/example-app/vendor/laravel/framework/src/Illuminate/Foundation/Testing/TestCase.php:122
/home/amir/Documents/Vandar/tasks/tasks/a/example-app/vendor/laravel/framework/src/Illuminate/Foundation/Testing/TestCase.php:91</error>
        </testcase>
        <testcase name="testAuthorsFilter" class="Tests\Feature\BooksListTest" classname="Tests.Feature.BooksListTest" file="/home/amir/Documents/Vandar/tasks/tasks/a/example-app/tests/Feature/BookListTest.php" line="109" assertions="0" time="0.011576">
          <error type="Illuminate\Database\QueryException">Tests\Feature\BooksListTest::testAuthorsFilter
Illuminate\Database\QueryException: could not find driver (SQL: PRAGMA foreign_keys = ON;)

/home/amir/Documents/Vandar/tasks/tasks/a/example-app/vendor/laravel/framework/src/Illuminate/Database/Connection.php:712
/home/amir/Documents/Vandar/tasks/tasks/a/example-app/vendor/laravel/framework/src/Illuminate/Database/Connection.php:672
/home/amir/Documents/Vandar/tasks/tasks/a/example-app/vendor/laravel/framework/src/Illuminate/Database/Connection.php:502
/home/amir/Documents/Vandar/tasks/tasks/a/example-app/vendor/laravel/framework/src/Illuminate/Database/Schema/Builder.php:340
/home/amir/Documents/Vandar/tasks/tasks/a/example-app/vendor/laravel/framework/src/Illuminate/Database/SQLiteConnection.php:37
/home/amir/Documents/Vandar/tasks/tasks/a/example-app/vendor/laravel/framework/src/Illuminate/Database/Connectors/ConnectionFactory.php:282
/home/amir/Documents/Vandar/tasks/tasks/a/example-app/vendor/laravel/framework/src/Illuminate/Database/Connectors/ConnectionFactory.php:76
/home/amir/Documents/Vandar/tasks/tasks/a/example-app/vendor/laravel/framework/src/Illuminate/Database/Connectors/ConnectionFactory.php:50
/home/amir/Documents/Vandar/tasks/tasks/a/example-app/vendor/laravel/framework/src/Illuminate/Database/DatabaseManager.php:140
/home/amir/Documents/Vandar/tasks/tasks/a/example-app/vendor/laravel/framework/src/Illuminate/Database/DatabaseManager.php:95
/home/amir/Documents/Vandar/tasks/tasks/a/example-app/vendor/laravel/framework/src/Illuminate/Database/Migrations/DatabaseMigrationRepository.php:211
/home/amir/Documents/Vandar/tasks/tasks/a/example-app/vendor/laravel/framework/src/Illuminate/Database/Migrations/DatabaseMigrationRepository.php:167
/home/amir/Documents/Vandar/tasks/tasks/a/example-app/vendor/laravel/framework/src/Illuminate/Database/Migrations/Migrator.php:673
/home/amir/Documents/Vandar/tasks/tasks/a/example-app/vendor/laravel/framework/src/Illuminate/Database/Console/Migrations/MigrateCommand.php:106
/home/amir/Documents/Vandar/tasks/tasks/a/example-app/vendor/laravel/framework/src/Illuminate/Database/Console/Migrations/MigrateCommand.php:77
/home/amir/Documents/Vandar/tasks/tasks/a/example-app/vendor/laravel/framework/src/Illuminate/Database/Migrations/Migrator.php:606
/home/amir/Documents/Vandar/tasks/tasks/a/example-app/vendor/laravel/framework/src/Illuminate/Database/Console/Migrations/MigrateCommand.php:94
/home/amir/Documents/Vandar/tasks/tasks/a/example-app/vendor/laravel/framework/src/Illuminate/Container/BoundMethod.php:36
/home/amir/Documents/Vandar/tasks/tasks/a/example-app/vendor/laravel/framework/src/Illuminate/Container/Util.php:40
/home/amir/Documents/Vandar/tasks/tasks/a/example-app/vendor/laravel/framework/src/Illuminate/Container/BoundMethod.php:93
/home/amir/Documents/Vandar/tasks/tasks/a/example-app/vendor/laravel/framework/src/Illuminate/Container/BoundMethod.php:37
/home/amir/Documents/Vandar/tasks/tasks/a/example-app/vendor/laravel/framework/src/Illuminate/Container/Container.php:653
/home/amir/Documents/Vandar/tasks/tasks/a/example-app/vendor/laravel/framework/src/Illuminate/Console/Command.php:136
/home/amir/Documents/Vandar/tasks/tasks/a/example-app/vendor/symfony/console/Command/Command.php:298
/home/amir/Documents/Vandar/tasks/tasks/a/example-app/vendor/laravel/framework/src/Illuminate/Console/Command.php:121
/home/amir/Documents/Vandar/tasks/tasks/a/example-app/vendor/symfony/console/Application.php:1015
/home/amir/Documents/Vandar/tasks/tasks/a/example-app/vendor/symfony/console/Application.php:299
/home/amir/Documents/Vandar/tasks/tasks/a/example-app/vendor/symfony/console/Application.php:171
/home/amir/Documents/Vandar/tasks/tasks/a/example-app/vendor/laravel/framework/src/Illuminate/Console/Application.php:94
/home/amir/Documents/Vandar/tasks/tasks/a/example-app/vendor/laravel/framework/src/Illuminate/Console/Application.php:186
/home/amir/Documents/Vandar/tasks/tasks/a/example-app/vendor/laravel/framework/src/Illuminate/Foundation/Console/Kernel.php:263
/home/amir/Documents/Vandar/tasks/tasks/a/example-app/vendor/laravel/framework/src/Illuminate/Testing/PendingCommand.php:260
/home/amir/Documents/Vandar/tasks/tasks/a/example-app/vendor/laravel/framework/src/Illuminate/Testing/PendingCommand.php:413
/home/amir/Documents/Vandar/tasks/tasks/a/example-app/vendor/laravel/framework/src/Illuminate/Foundation/Testing/Concerns/InteractsWithConsole.php:66
/home/amir/Documents/Vandar/tasks/tasks/a/example-app/vendor/laravel/framework/src/Illuminate/Foundation/Testing/RefreshDatabase.php:45
/home/amir/Documents/Vandar/tasks/tasks/a/example-app/vendor/laravel/framework/src/Illuminate/Foundation/Testing/RefreshDatabase.php:20
/home/amir/Documents/Vandar/tasks/tasks/a/example-app/vendor/laravel/framework/src/Illuminate/Foundation/Testing/TestCase.php:122
/home/amir/Documents/Vandar/tasks/tasks/a/example-app/vendor/laravel/framework/src/Illuminate/Foundation/Testing/TestCase.php:91</error>
        </testcase>
        <testcase name="testTitleSort" class="Tests\Feature\BooksListTest" classname="Tests.Feature.BooksListTest" file="/home/amir/Documents/Vandar/tasks/tasks/a/example-app/tests/Feature/BookListTest.php" line="139" assertions="0" time="0.011329">
          <error type="Illuminate\Database\QueryException">Tests\Feature\BooksListTest::testTitleSort
Illuminate\Database\QueryException: could not find driver (SQL: PRAGMA foreign_keys = ON;)

/home/amir/Documents/Vandar/tasks/tasks/a/example-app/vendor/laravel/framework/src/Illuminate/Database/Connection.php:712
/home/amir/Documents/Vandar/tasks/tasks/a/example-app/vendor/laravel/framework/src/Illuminate/Database/Connection.php:672
/home/amir/Documents/Vandar/tasks/tasks/a/example-app/vendor/laravel/framework/src/Illuminate/Database/Connection.php:502
/home/amir/Documents/Vandar/tasks/tasks/a/example-app/vendor/laravel/framework/src/Illuminate/Database/Schema/Builder.php:340
/home/amir/Documents/Vandar/tasks/tasks/a/example-app/vendor/laravel/framework/src/Illuminate/Database/SQLiteConnection.php:37
/home/amir/Documents/Vandar/tasks/tasks/a/example-app/vendor/laravel/framework/src/Illuminate/Database/Connectors/ConnectionFactory.php:282
/home/amir/Documents/Vandar/tasks/tasks/a/example-app/vendor/laravel/framework/src/Illuminate/Database/Connectors/ConnectionFactory.php:76
/home/amir/Documents/Vandar/tasks/tasks/a/example-app/vendor/laravel/framework/src/Illuminate/Database/Connectors/ConnectionFactory.php:50
/home/amir/Documents/Vandar/tasks/tasks/a/example-app/vendor/laravel/framework/src/Illuminate/Database/DatabaseManager.php:140
/home/amir/Documents/Vandar/tasks/tasks/a/example-app/vendor/laravel/framework/src/Illuminate/Database/DatabaseManager.php:95
/home/amir/Documents/Vandar/tasks/tasks/a/example-app/vendor/laravel/framework/src/Illuminate/Database/Migrations/DatabaseMigrationRepository.php:211
/home/amir/Documents/Vandar/tasks/tasks/a/example-app/vendor/laravel/framework/src/Illuminate/Database/Migrations/DatabaseMigrationRepository.php:167
/home/amir/Documents/Vandar/tasks/tasks/a/example-app/vendor/laravel/framework/src/Illuminate/Database/Migrations/Migrator.php:673
/home/amir/Documents/Vandar/tasks/tasks/a/example-app/vendor/laravel/framework/src/Illuminate/Database/Console/Migrations/MigrateCommand.php:106
/home/amir/Documents/Vandar/tasks/tasks/a/example-app/vendor/laravel/framework/src/Illuminate/Database/Console/Migrations/MigrateCommand.php:77
/home/amir/Documents/Vandar/tasks/tasks/a/example-app/vendor/laravel/framework/src/Illuminate/Database/Migrations/Migrator.php:606
/home/amir/Documents/Vandar/tasks/tasks/a/example-app/vendor/laravel/framework/src/Illuminate/Database/Console/Migrations/MigrateCommand.php:94
/home/amir/Documents/Vandar/tasks/tasks/a/example-app/vendor/laravel/framework/src/Illuminate/Container/BoundMethod.php:36
/home/amir/Documents/Vandar/tasks/tasks/a/example-app/vendor/laravel/framework/src/Illuminate/Container/Util.php:40
/home/amir/Documents/Vandar/tasks/tasks/a/example-app/vendor/laravel/framework/src/Illuminate/Container/BoundMethod.php:93
/home/amir/Documents/Vandar/tasks/tasks/a/example-app/vendor/laravel/framework/src/Illuminate/Container/BoundMethod.php:37
/home/amir/Documents/Vandar/tasks/tasks/a/example-app/vendor/laravel/framework/src/Illuminate/Container/Container.php:653
/home/amir/Documents/Vandar/tasks/tasks/a/example-app/vendor/laravel/framework/src/Illuminate/Console/Command.php:136
/home/amir/Documents/Vandar/tasks/tasks/a/example-app/vendor/symfony/console/Command/Command.php:298
/home/amir/Documents/Vandar/tasks/tasks/a/example-app/vendor/laravel/framework/src/Illuminate/Console/Command.php:121
/home/amir/Documents/Vandar/tasks/tasks/a/example-app/vendor/symfony/console/Application.php:1015
/home/amir/Documents/Vandar/tasks/tasks/a/example-app/vendor/symfony/console/Application.php:299
/home/amir/Documents/Vandar/tasks/tasks/a/example-app/vendor/symfony/console/Application.php:171
/home/amir/Documents/Vandar/tasks/tasks/a/example-app/vendor/laravel/framework/src/Illuminate/Console/Application.php:94
/home/amir/Documents/Vandar/tasks/tasks/a/example-app/vendor/laravel/framework/src/Illuminate/Console/Application.php:186
/home/amir/Documents/Vandar/tasks/tasks/a/example-app/vendor/laravel/framework/src/Illuminate/Foundation/Console/Kernel.php:263
/home/amir/Documents/Vandar/tasks/tasks/a/example-app/vendor/laravel/framework/src/Illuminate/Testing/PendingCommand.php:260
/home/amir/Documents/Vandar/tasks/tasks/a/example-app/vendor/laravel/framework/src/Illuminate/Testing/PendingCommand.php:413
/home/amir/Documents/Vandar/tasks/tasks/a/example-app/vendor/laravel/framework/src/Illuminate/Foundation/Testing/Concerns/InteractsWithConsole.php:66
/home/amir/Documents/Vandar/tasks/tasks/a/example-app/vendor/laravel/framework/src/Illuminate/Foundation/Testing/RefreshDatabase.php:45
/home/amir/Documents/Vandar/tasks/tasks/a/example-app/vendor/laravel/framework/src/Illuminate/Foundation/Testing/RefreshDatabase.php:20
/home/amir/Documents/Vandar/tasks/tasks/a/example-app/vendor/laravel/framework/src/Illuminate/Foundation/Testing/TestCase.php:122
/home/amir/Documents/Vandar/tasks/tasks/a/example-app/vendor/laravel/framework/src/Illuminate/Foundation/Testing/TestCase.php:91</error>
        </testcase>
        <testcase name="testAvgReviewSort" class="Tests\Feature\BooksListTest" classname="Tests.Feature.BooksListTest" file="/home/amir/Documents/Vandar/tasks/tasks/a/example-app/tests/Feature/BookListTest.php" line="157" assertions="0" time="0.009027">
          <error type="Illuminate\Database\QueryException">Tests\Feature\BooksListTest::testAvgReviewSort
Illuminate\Database\QueryException: could not find driver (SQL: PRAGMA foreign_keys = ON;)

/home/amir/Documents/Vandar/tasks/tasks/a/example-app/vendor/laravel/framework/src/Illuminate/Database/Connection.php:712
/home/amir/Documents/Vandar/tasks/tasks/a/example-app/vendor/laravel/framework/src/Illuminate/Database/Connection.php:672
/home/amir/Documents/Vandar/tasks/tasks/a/example-app/vendor/laravel/framework/src/Illuminate/Database/Connection.php:502
/home/amir/Documents/Vandar/tasks/tasks/a/example-app/vendor/laravel/framework/src/Illuminate/Database/Schema/Builder.php:340
/home/amir/Documents/Vandar/tasks/tasks/a/example-app/vendor/laravel/framework/src/Illuminate/Database/SQLiteConnection.php:37
/home/amir/Documents/Vandar/tasks/tasks/a/example-app/vendor/laravel/framework/src/Illuminate/Database/Connectors/ConnectionFactory.php:282
/home/amir/Documents/Vandar/tasks/tasks/a/example-app/vendor/laravel/framework/src/Illuminate/Database/Connectors/ConnectionFactory.php:76
/home/amir/Documents/Vandar/tasks/tasks/a/example-app/vendor/laravel/framework/src/Illuminate/Database/Connectors/ConnectionFactory.php:50
/home/amir/Documents/Vandar/tasks/tasks/a/example-app/vendor/laravel/framework/src/Illuminate/Database/DatabaseManager.php:140
/home/amir/Documents/Vandar/tasks/tasks/a/example-app/vendor/laravel/framework/src/Illuminate/Database/DatabaseManager.php:95
/home/amir/Documents/Vandar/tasks/tasks/a/example-app/vendor/laravel/framework/src/Illuminate/Database/Migrations/DatabaseMigrationRepository.php:211
/home/amir/Documents/Vandar/tasks/tasks/a/example-app/vendor/laravel/framework/src/Illuminate/Database/Migrations/DatabaseMigrationRepository.php:167
/home/amir/Documents/Vandar/tasks/tasks/a/example-app/vendor/laravel/framework/src/Illuminate/Database/Migrations/Migrator.php:673
/home/amir/Documents/Vandar/tasks/tasks/a/example-app/vendor/laravel/framework/src/Illuminate/Database/Console/Migrations/MigrateCommand.php:106
/home/amir/Documents/Vandar/tasks/tasks/a/example-app/vendor/laravel/framework/src/Illuminate/Database/Console/Migrations/MigrateCommand.php:77
/home/amir/Documents/Vandar/tasks/tasks/a/example-app/vendor/laravel/framework/src/Illuminate/Database/Migrations/Migrator.php:606
/home/amir/Documents/Vandar/tasks/tasks/a/example-app/vendor/laravel/framework/src/Illuminate/Database/Console/Migrations/MigrateCommand.php:94
/home/amir/Documents/Vandar/tasks/tasks/a/example-app/vendor/laravel/framework/src/Illuminate/Container/BoundMethod.php:36
/home/amir/Documents/Vandar/tasks/tasks/a/example-app/vendor/laravel/framework/src/Illuminate/Container/Util.php:40
/home/amir/Documents/Vandar/tasks/tasks/a/example-app/vendor/laravel/framework/src/Illuminate/Container/BoundMethod.php:93
/home/amir/Documents/Vandar/tasks/tasks/a/example-app/vendor/laravel/framework/src/Illuminate/Container/BoundMethod.php:37
/home/amir/Documents/Vandar/tasks/tasks/a/example-app/vendor/laravel/framework/src/Illuminate/Container/Container.php:653
/home/amir/Documents/Vandar/tasks/tasks/a/example-app/vendor/laravel/framework/src/Illuminate/Console/Command.php:136
/home/amir/Documents/Vandar/tasks/tasks/a/example-app/vendor/symfony/console/Command/Command.php:298
/home/amir/Documents/Vandar/tasks/tasks/a/example-app/vendor/laravel/framework/src/Illuminate/Console/Command.php:121
/home/amir/Documents/Vandar/tasks/tasks/a/example-app/vendor/symfony/console/Application.php:1015
/home/amir/Documents/Vandar/tasks/tasks/a/example-app/vendor/symfony/console/Application.php:299
/home/amir/Documents/Vandar/tasks/tasks/a/example-app/vendor/symfony/console/Application.php:171
/home/amir/Documents/Vandar/tasks/tasks/a/example-app/vendor/laravel/framework/src/Illuminate/Console/Application.php:94
/home/amir/Documents/Vandar/tasks/tasks/a/example-app/vendor/laravel/framework/src/Illuminate/Console/Application.php:186
/home/amir/Documents/Vandar/tasks/tasks/a/example-app/vendor/laravel/framework/src/Illuminate/Foundation/Console/Kernel.php:263
/home/amir/Documents/Vandar/tasks/tasks/a/example-app/vendor/laravel/framework/src/Illuminate/Testing/PendingCommand.php:260
/home/amir/Documents/Vandar/tasks/tasks/a/example-app/vendor/laravel/framework/src/Illuminate/Testing/PendingCommand.php:413
/home/amir/Documents/Vandar/tasks/tasks/a/example-app/vendor/laravel/framework/src/Illuminate/Foundation/Testing/Concerns/InteractsWithConsole.php:66
/home/amir/Documents/Vandar/tasks/tasks/a/example-app/vendor/laravel/framework/src/Illuminate/Foundation/Testing/RefreshDatabase.php:45
/home/amir/Documents/Vandar/tasks/tasks/a/example-app/vendor/laravel/framework/src/Illuminate/Foundation/Testing/RefreshDatabase.php:20
/home/amir/Documents/Vandar/tasks/tasks/a/example-app/vendor/laravel/framework/src/Illuminate/Foundation/Testing/TestCase.php:122
/home/amir/Documents/Vandar/tasks/tasks/a/example-app/vendor/laravel/framework/src/Illuminate/Foundation/Testing/TestCase.php:91</error>
        </testcase>
        <testcase name="testPagination" class="Tests\Feature\BooksListTest" classname="Tests.Feature.BooksListTest" file="/home/amir/Documents/Vandar/tasks/tasks/a/example-app/tests/Feature/BookListTest.php" line="189" assertions="0" time="0.007649">
          <error type="Illuminate\Database\QueryException">Tests\Feature\BooksListTest::testPagination
Illuminate\Database\QueryException: could not find driver (SQL: PRAGMA foreign_keys = ON;)

/home/amir/Documents/Vandar/tasks/tasks/a/example-app/vendor/laravel/framework/src/Illuminate/Database/Connection.php:712
/home/amir/Documents/Vandar/tasks/tasks/a/example-app/vendor/laravel/framework/src/Illuminate/Database/Connection.php:672
/home/amir/Documents/Vandar/tasks/tasks/a/example-app/vendor/laravel/framework/src/Illuminate/Database/Connection.php:502
/home/amir/Documents/Vandar/tasks/tasks/a/example-app/vendor/laravel/framework/src/Illuminate/Database/Schema/Builder.php:340
/home/amir/Documents/Vandar/tasks/tasks/a/example-app/vendor/laravel/framework/src/Illuminate/Database/SQLiteConnection.php:37
/home/amir/Documents/Vandar/tasks/tasks/a/example-app/vendor/laravel/framework/src/Illuminate/Database/Connectors/ConnectionFactory.php:282
/home/amir/Documents/Vandar/tasks/tasks/a/example-app/vendor/laravel/framework/src/Illuminate/Database/Connectors/ConnectionFactory.php:76
/home/amir/Documents/Vandar/tasks/tasks/a/example-app/vendor/laravel/framework/src/Illuminate/Database/Connectors/ConnectionFactory.php:50
/home/amir/Documents/Vandar/tasks/tasks/a/example-app/vendor/laravel/framework/src/Illuminate/Database/DatabaseManager.php:140
/home/amir/Documents/Vandar/tasks/tasks/a/example-app/vendor/laravel/framework/src/Illuminate/Database/DatabaseManager.php:95
/home/amir/Documents/Vandar/tasks/tasks/a/example-app/vendor/laravel/framework/src/Illuminate/Database/Migrations/DatabaseMigrationRepository.php:211
/home/amir/Documents/Vandar/tasks/tasks/a/example-app/vendor/laravel/framework/src/Illuminate/Database/Migrations/DatabaseMigrationRepository.php:167
/home/amir/Documents/Vandar/tasks/tasks/a/example-app/vendor/laravel/framework/src/Illuminate/Database/Migrations/Migrator.php:673
/home/amir/Documents/Vandar/tasks/tasks/a/example-app/vendor/laravel/framework/src/Illuminate/Database/Console/Migrations/MigrateCommand.php:106
/home/amir/Documents/Vandar/tasks/tasks/a/example-app/vendor/laravel/framework/src/Illuminate/Database/Console/Migrations/MigrateCommand.php:77
/home/amir/Documents/Vandar/tasks/tasks/a/example-app/vendor/laravel/framework/src/Illuminate/Database/Migrations/Migrator.php:606
/home/amir/Documents/Vandar/tasks/tasks/a/example-app/vendor/laravel/framework/src/Illuminate/Database/Console/Migrations/MigrateCommand.php:94
/home/amir/Documents/Vandar/tasks/tasks/a/example-app/vendor/laravel/framework/src/Illuminate/Container/BoundMethod.php:36
/home/amir/Documents/Vandar/tasks/tasks/a/example-app/vendor/laravel/framework/src/Illuminate/Container/Util.php:40
/home/amir/Documents/Vandar/tasks/tasks/a/example-app/vendor/laravel/framework/src/Illuminate/Container/BoundMethod.php:93
/home/amir/Documents/Vandar/tasks/tasks/a/example-app/vendor/laravel/framework/src/Illuminate/Container/BoundMethod.php:37
/home/amir/Documents/Vandar/tasks/tasks/a/example-app/vendor/laravel/framework/src/Illuminate/Container/Container.php:653
/home/amir/Documents/Vandar/tasks/tasks/a/example-app/vendor/laravel/framework/src/Illuminate/Console/Command.php:136
/home/amir/Documents/Vandar/tasks/tasks/a/example-app/vendor/symfony/console/Command/Command.php:298
/home/amir/Documents/Vandar/tasks/tasks/a/example-app/vendor/laravel/framework/src/Illuminate/Console/Command.php:121
/home/amir/Documents/Vandar/tasks/tasks/a/example-app/vendor/symfony/console/Application.php:1015
/home/amir/Documents/Vandar/tasks/tasks/a/example-app/vendor/symfony/console/Application.php:299
/home/amir/Documents/Vandar/tasks/tasks/a/example-app/vendor/symfony/console/Application.php:171
/home/amir/Documents/Vandar/tasks/tasks/a/example-app/vendor/laravel/framework/src/Illuminate/Console/Application.php:94
/home/amir/Documents/Vandar/tasks/tasks/a/example-app/vendor/laravel/framework/src/Illuminate/Console/Application.php:186
/home/amir/Documents/Vandar/tasks/tasks/a/example-app/vendor/laravel/framework/src/Illuminate/Foundation/Console/Kernel.php:263
/home/amir/Documents/Vandar/tasks/tasks/a/example-app/vendor/laravel/framework/src/Illuminate/Testing/PendingCommand.php:260
/home/amir/Documents/Vandar/tasks/tasks/a/example-app/vendor/laravel/framework/src/Illuminate/Testing/PendingCommand.php:413
/home/amir/Documents/Vandar/tasks/tasks/a/example-app/vendor/laravel/framework/src/Illuminate/Foundation/Testing/Concerns/InteractsWithConsole.php:66
/home/amir/Documents/Vandar/tasks/tasks/a/example-app/vendor/laravel/framework/src/Illuminate/Foundation/Testing/RefreshDatabase.php:45
/home/amir/Documents/Vandar/tasks/tasks/a/example-app/vendor/laravel/framework/src/Illuminate/Foundation/Testing/RefreshDatabase.php:20
/home/amir/Documents/Vandar/tasks/tasks/a/example-app/vendor/laravel/framework/src/Illuminate/Foundation/Testing/TestCase.php:122
/home/amir/Documents/Vandar/tasks/tasks/a/example-app/vendor/laravel/framework/src/Illuminate/Foundation/Testing/TestCase.php:91</error>
        </testcase>
      </testsuite>
      <testsuite name="Tests\Feature\BookPostTest" file="/home/amir/Documents/Vandar/tasks/tasks/a/example-app/tests/Feature/BookPostTest.php" tests="24" assertions="0" errors="24" warnings="0" failures="0" skipped="0" time="0.213151">
        <testcase name="testDenyGuestAccess" class="Tests\Feature\BookPostTest" classname="Tests.Feature.BookPostTest" file="/home/amir/Documents/Vandar/tasks/tasks/a/example-app/tests/Feature/BookPostTest.php" line="13" assertions="0" time="0.006777">
          <error type="Illuminate\Database\QueryException">Tests\Feature\BookPostTest::testDenyGuestAccess
Illuminate\Database\QueryException: could not find driver (SQL: PRAGMA foreign_keys = ON;)

/home/amir/Documents/Vandar/tasks/tasks/a/example-app/vendor/laravel/framework/src/Illuminate/Database/Connection.php:712
/home/amir/Documents/Vandar/tasks/tasks/a/example-app/vendor/laravel/framework/src/Illuminate/Database/Connection.php:672
/home/amir/Documents/Vandar/tasks/tasks/a/example-app/vendor/laravel/framework/src/Illuminate/Database/Connection.php:502
/home/amir/Documents/Vandar/tasks/tasks/a/example-app/vendor/laravel/framework/src/Illuminate/Database/Schema/Builder.php:340
/home/amir/Documents/Vandar/tasks/tasks/a/example-app/vendor/laravel/framework/src/Illuminate/Database/SQLiteConnection.php:37
/home/amir/Documents/Vandar/tasks/tasks/a/example-app/vendor/laravel/framework/src/Illuminate/Database/Connectors/ConnectionFactory.php:282
/home/amir/Documents/Vandar/tasks/tasks/a/example-app/vendor/laravel/framework/src/Illuminate/Database/Connectors/ConnectionFactory.php:76
/home/amir/Documents/Vandar/tasks/tasks/a/example-app/vendor/laravel/framework/src/Illuminate/Database/Connectors/ConnectionFactory.php:50
/home/amir/Documents/Vandar/tasks/tasks/a/example-app/vendor/laravel/framework/src/Illuminate/Database/DatabaseManager.php:140
/home/amir/Documents/Vandar/tasks/tasks/a/example-app/vendor/laravel/framework/src/Illuminate/Database/DatabaseManager.php:95
/home/amir/Documents/Vandar/tasks/tasks/a/example-app/vendor/laravel/framework/src/Illuminate/Database/Migrations/DatabaseMigrationRepository.php:211
/home/amir/Documents/Vandar/tasks/tasks/a/example-app/vendor/laravel/framework/src/Illuminate/Database/Migrations/DatabaseMigrationRepository.php:167
/home/amir/Documents/Vandar/tasks/tasks/a/example-app/vendor/laravel/framework/src/Illuminate/Database/Migrations/Migrator.php:673
/home/amir/Documents/Vandar/tasks/tasks/a/example-app/vendor/laravel/framework/src/Illuminate/Database/Console/Migrations/MigrateCommand.php:106
/home/amir/Documents/Vandar/tasks/tasks/a/example-app/vendor/laravel/framework/src/Illuminate/Database/Console/Migrations/MigrateCommand.php:77
/home/amir/Documents/Vandar/tasks/tasks/a/example-app/vendor/laravel/framework/src/Illuminate/Database/Migrations/Migrator.php:606
/home/amir/Documents/Vandar/tasks/tasks/a/example-app/vendor/laravel/framework/src/Illuminate/Database/Console/Migrations/MigrateCommand.php:94
/home/amir/Documents/Vandar/tasks/tasks/a/example-app/vendor/laravel/framework/src/Illuminate/Container/BoundMethod.php:36
/home/amir/Documents/Vandar/tasks/tasks/a/example-app/vendor/laravel/framework/src/Illuminate/Container/Util.php:40
/home/amir/Documents/Vandar/tasks/tasks/a/example-app/vendor/laravel/framework/src/Illuminate/Container/BoundMethod.php:93
/home/amir/Documents/Vandar/tasks/tasks/a/example-app/vendor/laravel/framework/src/Illuminate/Container/BoundMethod.php:37
/home/amir/Documents/Vandar/tasks/tasks/a/example-app/vendor/laravel/framework/src/Illuminate/Container/Container.php:653
/home/amir/Documents/Vandar/tasks/tasks/a/example-app/vendor/laravel/framework/src/Illuminate/Console/Command.php:136
/home/amir/Documents/Vandar/tasks/tasks/a/example-app/vendor/symfony/console/Command/Command.php:298
/home/amir/Documents/Vandar/tasks/tasks/a/example-app/vendor/laravel/framework/src/Illuminate/Console/Command.php:121
/home/amir/Documents/Vandar/tasks/tasks/a/example-app/vendor/symfony/console/Application.php:1015
/home/amir/Documents/Vandar/tasks/tasks/a/example-app/vendor/symfony/console/Application.php:299
/home/amir/Documents/Vandar/tasks/tasks/a/example-app/vendor/symfony/console/Application.php:171
/home/amir/Documents/Vandar/tasks/tasks/a/example-app/vendor/laravel/framework/src/Illuminate/Console/Application.php:94
/home/amir/Documents/Vandar/tasks/tasks/a/example-app/vendor/laravel/framework/src/Illuminate/Console/Application.php:186
/home/amir/Documents/Vandar/tasks/tasks/a/example-app/vendor/laravel/framework/src/Illuminate/Foundation/Console/Kernel.php:263
/home/amir/Documents/Vandar/tasks/tasks/a/example-app/vendor/laravel/framework/src/Illuminate/Testing/PendingCommand.php:260
/home/amir/Documents/Vandar/tasks/tasks/a/example-app/vendor/laravel/framework/src/Illuminate/Testing/PendingCommand.php:413
/home/amir/Documents/Vandar/tasks/tasks/a/example-app/vendor/laravel/framework/src/Illuminate/Foundation/Testing/Concerns/InteractsWithConsole.php:66
/home/amir/Documents/Vandar/tasks/tasks/a/example-app/vendor/laravel/framework/src/Illuminate/Foundation/Testing/RefreshDatabase.php:45
/home/amir/Documents/Vandar/tasks/tasks/a/example-app/vendor/laravel/framework/src/Illuminate/Foundation/Testing/RefreshDatabase.php:20
/home/amir/Documents/Vandar/tasks/tasks/a/example-app/vendor/laravel/framework/src/Illuminate/Foundation/Testing/TestCase.php:122
/home/amir/Documents/Vandar/tasks/tasks/a/example-app/vendor/laravel/framework/src/Illuminate/Foundation/Testing/TestCase.php:91</error>
        </testcase>
        <testcase name="testDenyNonAdminUserAccess" class="Tests\Feature\BookPostTest" classname="Tests.Feature.BookPostTest" file="/home/amir/Documents/Vandar/tasks/tasks/a/example-app/tests/Feature/BookPostTest.php" line="27" assertions="0" time="0.005967">
          <error type="Illuminate\Database\QueryException">Tests\Feature\BookPostTest::testDenyNonAdminUserAccess
Illuminate\Database\QueryException: could not find driver (SQL: PRAGMA foreign_keys = ON;)

/home/amir/Documents/Vandar/tasks/tasks/a/example-app/vendor/laravel/framework/src/Illuminate/Database/Connection.php:712
/home/amir/Documents/Vandar/tasks/tasks/a/example-app/vendor/laravel/framework/src/Illuminate/Database/Connection.php:672
/home/amir/Documents/Vandar/tasks/tasks/a/example-app/vendor/laravel/framework/src/Illuminate/Database/Connection.php:502
/home/amir/Documents/Vandar/tasks/tasks/a/example-app/vendor/laravel/framework/src/Illuminate/Database/Schema/Builder.php:340
/home/amir/Documents/Vandar/tasks/tasks/a/example-app/vendor/laravel/framework/src/Illuminate/Database/SQLiteConnection.php:37
/home/amir/Documents/Vandar/tasks/tasks/a/example-app/vendor/laravel/framework/src/Illuminate/Database/Connectors/ConnectionFactory.php:282
/home/amir/Documents/Vandar/tasks/tasks/a/example-app/vendor/laravel/framework/src/Illuminate/Database/Connectors/ConnectionFactory.php:76
/home/amir/Documents/Vandar/tasks/tasks/a/example-app/vendor/laravel/framework/src/Illuminate/Database/Connectors/ConnectionFactory.php:50
/home/amir/Documents/Vandar/tasks/tasks/a/example-app/vendor/laravel/framework/src/Illuminate/Database/DatabaseManager.php:140
/home/amir/Documents/Vandar/tasks/tasks/a/example-app/vendor/laravel/framework/src/Illuminate/Database/DatabaseManager.php:95
/home/amir/Documents/Vandar/tasks/tasks/a/example-app/vendor/laravel/framework/src/Illuminate/Database/Migrations/DatabaseMigrationRepository.php:211
/home/amir/Documents/Vandar/tasks/tasks/a/example-app/vendor/laravel/framework/src/Illuminate/Database/Migrations/DatabaseMigrationRepository.php:167
/home/amir/Documents/Vandar/tasks/tasks/a/example-app/vendor/laravel/framework/src/Illuminate/Database/Migrations/Migrator.php:673
/home/amir/Documents/Vandar/tasks/tasks/a/example-app/vendor/laravel/framework/src/Illuminate/Database/Console/Migrations/MigrateCommand.php:106
/home/amir/Documents/Vandar/tasks/tasks/a/example-app/vendor/laravel/framework/src/Illuminate/Database/Console/Migrations/MigrateCommand.php:77
/home/amir/Documents/Vandar/tasks/tasks/a/example-app/vendor/laravel/framework/src/Illuminate/Database/Migrations/Migrator.php:606
/home/amir/Documents/Vandar/tasks/tasks/a/example-app/vendor/laravel/framework/src/Illuminate/Database/Console/Migrations/MigrateCommand.php:94
/home/amir/Documents/Vandar/tasks/tasks/a/example-app/vendor/laravel/framework/src/Illuminate/Container/BoundMethod.php:36
/home/amir/Documents/Vandar/tasks/tasks/a/example-app/vendor/laravel/framework/src/Illuminate/Container/Util.php:40
/home/amir/Documents/Vandar/tasks/tasks/a/example-app/vendor/laravel/framework/src/Illuminate/Container/BoundMethod.php:93
/home/amir/Documents/Vandar/tasks/tasks/a/example-app/vendor/laravel/framework/src/Illuminate/Container/BoundMethod.php:37
/home/amir/Documents/Vandar/tasks/tasks/a/example-app/vendor/laravel/framework/src/Illuminate/Container/Container.php:653
/home/amir/Documents/Vandar/tasks/tasks/a/example-app/vendor/laravel/framework/src/Illuminate/Console/Command.php:136
/home/amir/Documents/Vandar/tasks/tasks/a/example-app/vendor/symfony/console/Command/Command.php:298
/home/amir/Documents/Vandar/tasks/tasks/a/example-app/vendor/laravel/framework/src/Illuminate/Console/Command.php:121
/home/amir/Documents/Vandar/tasks/tasks/a/example-app/vendor/symfony/console/Application.php:1015
/home/amir/Documents/Vandar/tasks/tasks/a/example-app/vendor/symfony/console/Application.php:299
/home/amir/Documents/Vandar/tasks/tasks/a/example-app/vendor/symfony/console/Application.php:171
/home/amir/Documents/Vandar/tasks/tasks/a/example-app/vendor/laravel/framework/src/Illuminate/Console/Application.php:94
/home/amir/Documents/Vandar/tasks/tasks/a/example-app/vendor/laravel/framework/src/Illuminate/Console/Application.php:186
/home/amir/Documents/Vandar/tasks/tasks/a/example-app/vendor/laravel/framework/src/Illuminate/Foundation/Console/Kernel.php:263
/home/amir/Documents/Vandar/tasks/tasks/a/example-app/vendor/laravel/framework/src/Illuminate/Testing/PendingCommand.php:260
/home/amir/Documents/Vandar/tasks/tasks/a/example-app/vendor/laravel/framework/src/Illuminate/Testing/PendingCommand.php:413
/home/amir/Documents/Vandar/tasks/tasks/a/example-app/vendor/laravel/framework/src/Illuminate/Foundation/Testing/Concerns/InteractsWithConsole.php:66
/home/amir/Documents/Vandar/tasks/tasks/a/example-app/vendor/laravel/framework/src/Illuminate/Foundation/Testing/RefreshDatabase.php:45
/home/amir/Documents/Vandar/tasks/tasks/a/example-app/vendor/laravel/framework/src/Illuminate/Foundation/Testing/RefreshDatabase.php:20
/home/amir/Documents/Vandar/tasks/tasks/a/example-app/vendor/laravel/framework/src/Illuminate/Foundation/Testing/TestCase.php:122
/home/amir/Documents/Vandar/tasks/tasks/a/example-app/vendor/laravel/framework/src/Illuminate/Foundation/Testing/TestCase.php:91</error>
        </testcase>
        <testcase name="testSuccessfulPost" class="Tests\Feature\BookPostTest" classname="Tests.Feature.BookPostTest" file="/home/amir/Documents/Vandar/tasks/tasks/a/example-app/tests/Feature/BookPostTest.php" line="44" assertions="0" time="0.005417">
          <error type="Illuminate\Database\QueryException">Tests\Feature\BookPostTest::testSuccessfulPost
Illuminate\Database\QueryException: could not find driver (SQL: PRAGMA foreign_keys = ON;)

/home/amir/Documents/Vandar/tasks/tasks/a/example-app/vendor/laravel/framework/src/Illuminate/Database/Connection.php:712
/home/amir/Documents/Vandar/tasks/tasks/a/example-app/vendor/laravel/framework/src/Illuminate/Database/Connection.php:672
/home/amir/Documents/Vandar/tasks/tasks/a/example-app/vendor/laravel/framework/src/Illuminate/Database/Connection.php:502
/home/amir/Documents/Vandar/tasks/tasks/a/example-app/vendor/laravel/framework/src/Illuminate/Database/Schema/Builder.php:340
/home/amir/Documents/Vandar/tasks/tasks/a/example-app/vendor/laravel/framework/src/Illuminate/Database/SQLiteConnection.php:37
/home/amir/Documents/Vandar/tasks/tasks/a/example-app/vendor/laravel/framework/src/Illuminate/Database/Connectors/ConnectionFactory.php:282
/home/amir/Documents/Vandar/tasks/tasks/a/example-app/vendor/laravel/framework/src/Illuminate/Database/Connectors/ConnectionFactory.php:76
/home/amir/Documents/Vandar/tasks/tasks/a/example-app/vendor/laravel/framework/src/Illuminate/Database/Connectors/ConnectionFactory.php:50
/home/amir/Documents/Vandar/tasks/tasks/a/example-app/vendor/laravel/framework/src/Illuminate/Database/DatabaseManager.php:140
/home/amir/Documents/Vandar/tasks/tasks/a/example-app/vendor/laravel/framework/src/Illuminate/Database/DatabaseManager.php:95
/home/amir/Documents/Vandar/tasks/tasks/a/example-app/vendor/laravel/framework/src/Illuminate/Database/Migrations/DatabaseMigrationRepository.php:211
/home/amir/Documents/Vandar/tasks/tasks/a/example-app/vendor/laravel/framework/src/Illuminate/Database/Migrations/DatabaseMigrationRepository.php:167
/home/amir/Documents/Vandar/tasks/tasks/a/example-app/vendor/laravel/framework/src/Illuminate/Database/Migrations/Migrator.php:673
/home/amir/Documents/Vandar/tasks/tasks/a/example-app/vendor/laravel/framework/src/Illuminate/Database/Console/Migrations/MigrateCommand.php:106
/home/amir/Documents/Vandar/tasks/tasks/a/example-app/vendor/laravel/framework/src/Illuminate/Database/Console/Migrations/MigrateCommand.php:77
/home/amir/Documents/Vandar/tasks/tasks/a/example-app/vendor/laravel/framework/src/Illuminate/Database/Migrations/Migrator.php:606
/home/amir/Documents/Vandar/tasks/tasks/a/example-app/vendor/laravel/framework/src/Illuminate/Database/Console/Migrations/MigrateCommand.php:94
/home/amir/Documents/Vandar/tasks/tasks/a/example-app/vendor/laravel/framework/src/Illuminate/Container/BoundMethod.php:36
/home/amir/Documents/Vandar/tasks/tasks/a/example-app/vendor/laravel/framework/src/Illuminate/Container/Util.php:40
/home/amir/Documents/Vandar/tasks/tasks/a/example-app/vendor/laravel/framework/src/Illuminate/Container/BoundMethod.php:93
/home/amir/Documents/Vandar/tasks/tasks/a/example-app/vendor/laravel/framework/src/Illuminate/Container/BoundMethod.php:37
/home/amir/Documents/Vandar/tasks/tasks/a/example-app/vendor/laravel/framework/src/Illuminate/Container/Container.php:653
/home/amir/Documents/Vandar/tasks/tasks/a/example-app/vendor/laravel/framework/src/Illuminate/Console/Command.php:136
/home/amir/Documents/Vandar/tasks/tasks/a/example-app/vendor/symfony/console/Command/Command.php:298
/home/amir/Documents/Vandar/tasks/tasks/a/example-app/vendor/laravel/framework/src/Illuminate/Console/Command.php:121
/home/amir/Documents/Vandar/tasks/tasks/a/example-app/vendor/symfony/console/Application.php:1015
/home/amir/Documents/Vandar/tasks/tasks/a/example-app/vendor/symfony/console/Application.php:299
/home/amir/Documents/Vandar/tasks/tasks/a/example-app/vendor/symfony/console/Application.php:171
/home/amir/Documents/Vandar/tasks/tasks/a/example-app/vendor/laravel/framework/src/Illuminate/Console/Application.php:94
/home/amir/Documents/Vandar/tasks/tasks/a/example-app/vendor/laravel/framework/src/Illuminate/Console/Application.php:186
/home/amir/Documents/Vandar/tasks/tasks/a/example-app/vendor/laravel/framework/src/Illuminate/Foundation/Console/Kernel.php:263
/home/amir/Documents/Vandar/tasks/tasks/a/example-app/vendor/laravel/framework/src/Illuminate/Testing/PendingCommand.php:260
/home/amir/Documents/Vandar/tasks/tasks/a/example-app/vendor/laravel/framework/src/Illuminate/Testing/PendingCommand.php:413
/home/amir/Documents/Vandar/tasks/tasks/a/example-app/vendor/laravel/framework/src/Illuminate/Foundation/Testing/Concerns/InteractsWithConsole.php:66
/home/amir/Documents/Vandar/tasks/tasks/a/example-app/vendor/laravel/framework/src/Illuminate/Foundation/Testing/RefreshDatabase.php:45
/home/amir/Documents/Vandar/tasks/tasks/a/example-app/vendor/laravel/framework/src/Illuminate/Foundation/Testing/RefreshDatabase.php:20
/home/amir/Documents/Vandar/tasks/tasks/a/example-app/vendor/laravel/framework/src/Illuminate/Foundation/Testing/TestCase.php:122
/home/amir/Documents/Vandar/tasks/tasks/a/example-app/vendor/laravel/framework/src/Illuminate/Foundation/Testing/TestCase.php:91</error>
        </testcase>
        <testsuite name="Tests\Feature\BookPostTest::testValidation" tests="21" assertions="0" errors="21" warnings="0" failures="0" skipped="0" time="0.194990">
          <testcase name="testValidation with data set #0" class="Tests\Feature\BookPostTest" classname="Tests.Feature.BookPostTest" file="/home/amir/Documents/Vandar/tasks/tasks/a/example-app/tests/Feature/BookPostTest.php" line="72" assertions="0" time="0.005197">
            <error type="Illuminate\Database\QueryException">Tests\Feature\BookPostTest::testValidation with data set #0 (array(null), 'isbn')
Illuminate\Database\QueryException: could not find driver (SQL: PRAGMA foreign_keys = ON;)

/home/amir/Documents/Vandar/tasks/tasks/a/example-app/vendor/laravel/framework/src/Illuminate/Database/Connection.php:712
/home/amir/Documents/Vandar/tasks/tasks/a/example-app/vendor/laravel/framework/src/Illuminate/Database/Connection.php:672
/home/amir/Documents/Vandar/tasks/tasks/a/example-app/vendor/laravel/framework/src/Illuminate/Database/Connection.php:502
/home/amir/Documents/Vandar/tasks/tasks/a/example-app/vendor/laravel/framework/src/Illuminate/Database/Schema/Builder.php:340
/home/amir/Documents/Vandar/tasks/tasks/a/example-app/vendor/laravel/framework/src/Illuminate/Database/SQLiteConnection.php:37
/home/amir/Documents/Vandar/tasks/tasks/a/example-app/vendor/laravel/framework/src/Illuminate/Database/Connectors/ConnectionFactory.php:282
/home/amir/Documents/Vandar/tasks/tasks/a/example-app/vendor/laravel/framework/src/Illuminate/Database/Connectors/ConnectionFactory.php:76
/home/amir/Documents/Vandar/tasks/tasks/a/example-app/vendor/laravel/framework/src/Illuminate/Database/Connectors/ConnectionFactory.php:50
/home/amir/Documents/Vandar/tasks/tasks/a/example-app/vendor/laravel/framework/src/Illuminate/Database/DatabaseManager.php:140
/home/amir/Documents/Vandar/tasks/tasks/a/example-app/vendor/laravel/framework/src/Illuminate/Database/DatabaseManager.php:95
/home/amir/Documents/Vandar/tasks/tasks/a/example-app/vendor/laravel/framework/src/Illuminate/Database/Migrations/DatabaseMigrationRepository.php:211
/home/amir/Documents/Vandar/tasks/tasks/a/example-app/vendor/laravel/framework/src/Illuminate/Database/Migrations/DatabaseMigrationRepository.php:167
/home/amir/Documents/Vandar/tasks/tasks/a/example-app/vendor/laravel/framework/src/Illuminate/Database/Migrations/Migrator.php:673
/home/amir/Documents/Vandar/tasks/tasks/a/example-app/vendor/laravel/framework/src/Illuminate/Database/Console/Migrations/MigrateCommand.php:106
/home/amir/Documents/Vandar/tasks/tasks/a/example-app/vendor/laravel/framework/src/Illuminate/Database/Console/Migrations/MigrateCommand.php:77
/home/amir/Documents/Vandar/tasks/tasks/a/example-app/vendor/laravel/framework/src/Illuminate/Database/Migrations/Migrator.php:606
/home/amir/Documents/Vandar/tasks/tasks/a/example-app/vendor/laravel/framework/src/Illuminate/Database/Console/Migrations/MigrateCommand.php:94
/home/amir/Documents/Vandar/tasks/tasks/a/example-app/vendor/laravel/framework/src/Illuminate/Container/BoundMethod.php:36
/home/amir/Documents/Vandar/tasks/tasks/a/example-app/vendor/laravel/framework/src/Illuminate/Container/Util.php:40
/home/amir/Documents/Vandar/tasks/tasks/a/example-app/vendor/laravel/framework/src/Illuminate/Container/BoundMethod.php:93
/home/amir/Documents/Vandar/tasks/tasks/a/example-app/vendor/laravel/framework/src/Illuminate/Container/BoundMethod.php:37
/home/amir/Documents/Vandar/tasks/tasks/a/example-app/vendor/laravel/framework/src/Illuminate/Container/Container.php:653
/home/amir/Documents/Vandar/tasks/tasks/a/example-app/vendor/laravel/framework/src/Illuminate/Console/Command.php:136
/home/amir/Documents/Vandar/tasks/tasks/a/example-app/vendor/symfony/console/Command/Command.php:298
/home/amir/Documents/Vandar/tasks/tasks/a/example-app/vendor/laravel/framework/src/Illuminate/Console/Command.php:121
/home/amir/Documents/Vandar/tasks/tasks/a/example-app/vendor/symfony/console/Application.php:1015
/home/amir/Documents/Vandar/tasks/tasks/a/example-app/vendor/symfony/console/Application.php:299
/home/amir/Documents/Vandar/tasks/tasks/a/example-app/vendor/symfony/console/Application.php:171
/home/amir/Documents/Vandar/tasks/tasks/a/example-app/vendor/laravel/framework/src/Illuminate/Console/Application.php:94
/home/amir/Documents/Vandar/tasks/tasks/a/example-app/vendor/laravel/framework/src/Illuminate/Console/Application.php:186
/home/amir/Documents/Vandar/tasks/tasks/a/example-app/vendor/laravel/framework/src/Illuminate/Foundation/Console/Kernel.php:263
/home/amir/Documents/Vandar/tasks/tasks/a/example-app/vendor/laravel/framework/src/Illuminate/Testing/PendingCommand.php:260
/home/amir/Documents/Vandar/tasks/tasks/a/example-app/vendor/laravel/framework/src/Illuminate/Testing/PendingCommand.php:413
/home/amir/Documents/Vandar/tasks/tasks/a/example-app/vendor/laravel/framework/src/Illuminate/Foundation/Testing/Concerns/InteractsWithConsole.php:66
/home/amir/Documents/Vandar/tasks/tasks/a/example-app/vendor/laravel/framework/src/Illuminate/Foundation/Testing/RefreshDatabase.php:45
/home/amir/Documents/Vandar/tasks/tasks/a/example-app/vendor/laravel/framework/src/Illuminate/Foundation/Testing/RefreshDatabase.php:20
/home/amir/Documents/Vandar/tasks/tasks/a/example-app/vendor/laravel/framework/src/Illuminate/Foundation/Testing/TestCase.php:122
/home/amir/Documents/Vandar/tasks/tasks/a/example-app/vendor/laravel/framework/src/Illuminate/Foundation/Testing/TestCase.php:91</error>
          </testcase>
          <testcase name="testValidation with data set #1" class="Tests\Feature\BookPostTest" classname="Tests.Feature.BookPostTest" file="/home/amir/Documents/Vandar/tasks/tasks/a/example-app/tests/Feature/BookPostTest.php" line="72" assertions="0" time="0.012040">
            <error type="Illuminate\Database\QueryException">Tests\Feature\BookPostTest::testValidation with data set #1 (array(''), 'isbn')
Illuminate\Database\QueryException: could not find driver (SQL: PRAGMA foreign_keys = ON;)

/home/amir/Documents/Vandar/tasks/tasks/a/example-app/vendor/laravel/framework/src/Illuminate/Database/Connection.php:712
/home/amir/Documents/Vandar/tasks/tasks/a/example-app/vendor/laravel/framework/src/Illuminate/Database/Connection.php:672
/home/amir/Documents/Vandar/tasks/tasks/a/example-app/vendor/laravel/framework/src/Illuminate/Database/Connection.php:502
/home/amir/Documents/Vandar/tasks/tasks/a/example-app/vendor/laravel/framework/src/Illuminate/Database/Schema/Builder.php:340
/home/amir/Documents/Vandar/tasks/tasks/a/example-app/vendor/laravel/framework/src/Illuminate/Database/SQLiteConnection.php:37
/home/amir/Documents/Vandar/tasks/tasks/a/example-app/vendor/laravel/framework/src/Illuminate/Database/Connectors/ConnectionFactory.php:282
/home/amir/Documents/Vandar/tasks/tasks/a/example-app/vendor/laravel/framework/src/Illuminate/Database/Connectors/ConnectionFactory.php:76
/home/amir/Documents/Vandar/tasks/tasks/a/example-app/vendor/laravel/framework/src/Illuminate/Database/Connectors/ConnectionFactory.php:50
/home/amir/Documents/Vandar/tasks/tasks/a/example-app/vendor/laravel/framework/src/Illuminate/Database/DatabaseManager.php:140
/home/amir/Documents/Vandar/tasks/tasks/a/example-app/vendor/laravel/framework/src/Illuminate/Database/DatabaseManager.php:95
/home/amir/Documents/Vandar/tasks/tasks/a/example-app/vendor/laravel/framework/src/Illuminate/Database/Migrations/DatabaseMigrationRepository.php:211
/home/amir/Documents/Vandar/tasks/tasks/a/example-app/vendor/laravel/framework/src/Illuminate/Database/Migrations/DatabaseMigrationRepository.php:167
/home/amir/Documents/Vandar/tasks/tasks/a/example-app/vendor/laravel/framework/src/Illuminate/Database/Migrations/Migrator.php:673
/home/amir/Documents/Vandar/tasks/tasks/a/example-app/vendor/laravel/framework/src/Illuminate/Database/Console/Migrations/MigrateCommand.php:106
/home/amir/Documents/Vandar/tasks/tasks/a/example-app/vendor/laravel/framework/src/Illuminate/Database/Console/Migrations/MigrateCommand.php:77
/home/amir/Documents/Vandar/tasks/tasks/a/example-app/vendor/laravel/framework/src/Illuminate/Database/Migrations/Migrator.php:606
/home/amir/Documents/Vandar/tasks/tasks/a/example-app/vendor/laravel/framework/src/Illuminate/Database/Console/Migrations/MigrateCommand.php:94
/home/amir/Documents/Vandar/tasks/tasks/a/example-app/vendor/laravel/framework/src/Illuminate/Container/BoundMethod.php:36
/home/amir/Documents/Vandar/tasks/tasks/a/example-app/vendor/laravel/framework/src/Illuminate/Container/Util.php:40
/home/amir/Documents/Vandar/tasks/tasks/a/example-app/vendor/laravel/framework/src/Illuminate/Container/BoundMethod.php:93
/home/amir/Documents/Vandar/tasks/tasks/a/example-app/vendor/laravel/framework/src/Illuminate/Container/BoundMethod.php:37
/home/amir/Documents/Vandar/tasks/tasks/a/example-app/vendor/laravel/framework/src/Illuminate/Container/Container.php:653
/home/amir/Documents/Vandar/tasks/tasks/a/example-app/vendor/laravel/framework/src/Illuminate/Console/Command.php:136
/home/amir/Documents/Vandar/tasks/tasks/a/example-app/vendor/symfony/console/Command/Command.php:298
/home/amir/Documents/Vandar/tasks/tasks/a/example-app/vendor/laravel/framework/src/Illuminate/Console/Command.php:121
/home/amir/Documents/Vandar/tasks/tasks/a/example-app/vendor/symfony/console/Application.php:1015
/home/amir/Documents/Vandar/tasks/tasks/a/example-app/vendor/symfony/console/Application.php:299
/home/amir/Documents/Vandar/tasks/tasks/a/example-app/vendor/symfony/console/Application.php:171
/home/amir/Documents/Vandar/tasks/tasks/a/example-app/vendor/laravel/framework/src/Illuminate/Console/Application.php:94
/home/amir/Documents/Vandar/tasks/tasks/a/example-app/vendor/laravel/framework/src/Illuminate/Console/Application.php:186
/home/amir/Documents/Vandar/tasks/tasks/a/example-app/vendor/laravel/framework/src/Illuminate/Foundation/Console/Kernel.php:263
/home/amir/Documents/Vandar/tasks/tasks/a/example-app/vendor/laravel/framework/src/Illuminate/Testing/PendingCommand.php:260
/home/amir/Documents/Vandar/tasks/tasks/a/example-app/vendor/laravel/framework/src/Illuminate/Testing/PendingCommand.php:413
/home/amir/Documents/Vandar/tasks/tasks/a/example-app/vendor/laravel/framework/src/Illuminate/Foundation/Testing/Concerns/InteractsWithConsole.php:66
/home/amir/Documents/Vandar/tasks/tasks/a/example-app/vendor/laravel/framework/src/Illuminate/Foundation/Testing/RefreshDatabase.php:45
/home/amir/Documents/Vandar/tasks/tasks/a/example-app/vendor/laravel/framework/src/Illuminate/Foundation/Testing/RefreshDatabase.php:20
/home/amir/Documents/Vandar/tasks/tasks/a/example-app/vendor/laravel/framework/src/Illuminate/Foundation/Testing/TestCase.php:122
/home/amir/Documents/Vandar/tasks/tasks/a/example-app/vendor/laravel/framework/src/Illuminate/Foundation/Testing/TestCase.php:91</error>
          </testcase>
          <testcase name="testValidation with data set #2" class="Tests\Feature\BookPostTest" classname="Tests.Feature.BookPostTest" file="/home/amir/Documents/Vandar/tasks/tasks/a/example-app/tests/Feature/BookPostTest.php" line="72" assertions="0" time="0.011858">
            <error type="Illuminate\Database\QueryException">Tests\Feature\BookPostTest::testValidation with data set #2 (array('97883283023414'), 'isbn')
Illuminate\Database\QueryException: could not find driver (SQL: PRAGMA foreign_keys = ON;)

/home/amir/Documents/Vandar/tasks/tasks/a/example-app/vendor/laravel/framework/src/Illuminate/Database/Connection.php:712
/home/amir/Documents/Vandar/tasks/tasks/a/example-app/vendor/laravel/framework/src/Illuminate/Database/Connection.php:672
/home/amir/Documents/Vandar/tasks/tasks/a/example-app/vendor/laravel/framework/src/Illuminate/Database/Connection.php:502
/home/amir/Documents/Vandar/tasks/tasks/a/example-app/vendor/laravel/framework/src/Illuminate/Database/Schema/Builder.php:340
/home/amir/Documents/Vandar/tasks/tasks/a/example-app/vendor/laravel/framework/src/Illuminate/Database/SQLiteConnection.php:37
/home/amir/Documents/Vandar/tasks/tasks/a/example-app/vendor/laravel/framework/src/Illuminate/Database/Connectors/ConnectionFactory.php:282
/home/amir/Documents/Vandar/tasks/tasks/a/example-app/vendor/laravel/framework/src/Illuminate/Database/Connectors/ConnectionFactory.php:76
/home/amir/Documents/Vandar/tasks/tasks/a/example-app/vendor/laravel/framework/src/Illuminate/Database/Connectors/ConnectionFactory.php:50
/home/amir/Documents/Vandar/tasks/tasks/a/example-app/vendor/laravel/framework/src/Illuminate/Database/DatabaseManager.php:140
/home/amir/Documents/Vandar/tasks/tasks/a/example-app/vendor/laravel/framework/src/Illuminate/Database/DatabaseManager.php:95
/home/amir/Documents/Vandar/tasks/tasks/a/example-app/vendor/laravel/framework/src/Illuminate/Database/Migrations/DatabaseMigrationRepository.php:211
/home/amir/Documents/Vandar/tasks/tasks/a/example-app/vendor/laravel/framework/src/Illuminate/Database/Migrations/DatabaseMigrationRepository.php:167
/home/amir/Documents/Vandar/tasks/tasks/a/example-app/vendor/laravel/framework/src/Illuminate/Database/Migrations/Migrator.php:673
/home/amir/Documents/Vandar/tasks/tasks/a/example-app/vendor/laravel/framework/src/Illuminate/Database/Console/Migrations/MigrateCommand.php:106
/home/amir/Documents/Vandar/tasks/tasks/a/example-app/vendor/laravel/framework/src/Illuminate/Database/Console/Migrations/MigrateCommand.php:77
/home/amir/Documents/Vandar/tasks/tasks/a/example-app/vendor/laravel/framework/src/Illuminate/Database/Migrations/Migrator.php:606
/home/amir/Documents/Vandar/tasks/tasks/a/example-app/vendor/laravel/framework/src/Illuminate/Database/Console/Migrations/MigrateCommand.php:94
/home/amir/Documents/Vandar/tasks/tasks/a/example-app/vendor/laravel/framework/src/Illuminate/Container/BoundMethod.php:36
/home/amir/Documents/Vandar/tasks/tasks/a/example-app/vendor/laravel/framework/src/Illuminate/Container/Util.php:40
/home/amir/Documents/Vandar/tasks/tasks/a/example-app/vendor/laravel/framework/src/Illuminate/Container/BoundMethod.php:93
/home/amir/Documents/Vandar/tasks/tasks/a/example-app/vendor/laravel/framework/src/Illuminate/Container/BoundMethod.php:37
/home/amir/Documents/Vandar/tasks/tasks/a/example-app/vendor/laravel/framework/src/Illuminate/Container/Container.php:653
/home/amir/Documents/Vandar/tasks/tasks/a/example-app/vendor/laravel/framework/src/Illuminate/Console/Command.php:136
/home/amir/Documents/Vandar/tasks/tasks/a/example-app/vendor/symfony/console/Command/Command.php:298
/home/amir/Documents/Vandar/tasks/tasks/a/example-app/vendor/laravel/framework/src/Illuminate/Console/Command.php:121
/home/amir/Documents/Vandar/tasks/tasks/a/example-app/vendor/symfony/console/Application.php:1015
/home/amir/Documents/Vandar/tasks/tasks/a/example-app/vendor/symfony/console/Application.php:299
/home/amir/Documents/Vandar/tasks/tasks/a/example-app/vendor/symfony/console/Application.php:171
/home/amir/Documents/Vandar/tasks/tasks/a/example-app/vendor/laravel/framework/src/Illuminate/Console/Application.php:94
/home/amir/Documents/Vandar/tasks/tasks/a/example-app/vendor/laravel/framework/src/Illuminate/Console/Application.php:186
/home/amir/Documents/Vandar/tasks/tasks/a/example-app/vendor/laravel/framework/src/Illuminate/Foundation/Console/Kernel.php:263
/home/amir/Documents/Vandar/tasks/tasks/a/example-app/vendor/laravel/framework/src/Illuminate/Testing/PendingCommand.php:260
/home/amir/Documents/Vandar/tasks/tasks/a/example-app/vendor/laravel/framework/src/Illuminate/Testing/PendingCommand.php:413
/home/amir/Documents/Vandar/tasks/tasks/a/example-app/vendor/laravel/framework/src/Illuminate/Foundation/Testing/Concerns/InteractsWithConsole.php:66
/home/amir/Documents/Vandar/tasks/tasks/a/example-app/vendor/laravel/framework/src/Illuminate/Foundation/Testing/RefreshDatabase.php:45
/home/amir/Documents/Vandar/tasks/tasks/a/example-app/vendor/laravel/framework/src/Illuminate/Foundation/Testing/RefreshDatabase.php:20
/home/amir/Documents/Vandar/tasks/tasks/a/example-app/vendor/laravel/framework/src/Illuminate/Foundation/Testing/TestCase.php:122
/home/amir/Documents/Vandar/tasks/tasks/a/example-app/vendor/laravel/framework/src/Illuminate/Foundation/Testing/TestCase.php:91</error>
          </testcase>
          <testcase name="testValidation with data set #3" class="Tests\Feature\BookPostTest" classname="Tests.Feature.BookPostTest" file="/home/amir/Documents/Vandar/tasks/tasks/a/example-app/tests/Feature/BookPostTest.php" line="72" assertions="0" time="0.013392">
            <error type="Illuminate\Database\QueryException">Tests\Feature\BookPostTest::testValidation with data set #3 (array('978832830'), 'isbn')
Illuminate\Database\QueryException: could not find driver (SQL: PRAGMA foreign_keys = ON;)

/home/amir/Documents/Vandar/tasks/tasks/a/example-app/vendor/laravel/framework/src/Illuminate/Database/Connection.php:712
/home/amir/Documents/Vandar/tasks/tasks/a/example-app/vendor/laravel/framework/src/Illuminate/Database/Connection.php:672
/home/amir/Documents/Vandar/tasks/tasks/a/example-app/vendor/laravel/framework/src/Illuminate/Database/Connection.php:502
/home/amir/Documents/Vandar/tasks/tasks/a/example-app/vendor/laravel/framework/src/Illuminate/Database/Schema/Builder.php:340
/home/amir/Documents/Vandar/tasks/tasks/a/example-app/vendor/laravel/framework/src/Illuminate/Database/SQLiteConnection.php:37
/home/amir/Documents/Vandar/tasks/tasks/a/example-app/vendor/laravel/framework/src/Illuminate/Database/Connectors/ConnectionFactory.php:282
/home/amir/Documents/Vandar/tasks/tasks/a/example-app/vendor/laravel/framework/src/Illuminate/Database/Connectors/ConnectionFactory.php:76
/home/amir/Documents/Vandar/tasks/tasks/a/example-app/vendor/laravel/framework/src/Illuminate/Database/Connectors/ConnectionFactory.php:50
/home/amir/Documents/Vandar/tasks/tasks/a/example-app/vendor/laravel/framework/src/Illuminate/Database/DatabaseManager.php:140
/home/amir/Documents/Vandar/tasks/tasks/a/example-app/vendor/laravel/framework/src/Illuminate/Database/DatabaseManager.php:95
/home/amir/Documents/Vandar/tasks/tasks/a/example-app/vendor/laravel/framework/src/Illuminate/Database/Migrations/DatabaseMigrationRepository.php:211
/home/amir/Documents/Vandar/tasks/tasks/a/example-app/vendor/laravel/framework/src/Illuminate/Database/Migrations/DatabaseMigrationRepository.php:167
/home/amir/Documents/Vandar/tasks/tasks/a/example-app/vendor/laravel/framework/src/Illuminate/Database/Migrations/Migrator.php:673
/home/amir/Documents/Vandar/tasks/tasks/a/example-app/vendor/laravel/framework/src/Illuminate/Database/Console/Migrations/MigrateCommand.php:106
/home/amir/Documents/Vandar/tasks/tasks/a/example-app/vendor/laravel/framework/src/Illuminate/Database/Console/Migrations/MigrateCommand.php:77
/home/amir/Documents/Vandar/tasks/tasks/a/example-app/vendor/laravel/framework/src/Illuminate/Database/Migrations/Migrator.php:606
/home/amir/Documents/Vandar/tasks/tasks/a/example-app/vendor/laravel/framework/src/Illuminate/Database/Console/Migrations/MigrateCommand.php:94
/home/amir/Documents/Vandar/tasks/tasks/a/example-app/vendor/laravel/framework/src/Illuminate/Container/BoundMethod.php:36
/home/amir/Documents/Vandar/tasks/tasks/a/example-app/vendor/laravel/framework/src/Illuminate/Container/Util.php:40
/home/amir/Documents/Vandar/tasks/tasks/a/example-app/vendor/laravel/framework/src/Illuminate/Container/BoundMethod.php:93
/home/amir/Documents/Vandar/tasks/tasks/a/example-app/vendor/laravel/framework/src/Illuminate/Container/BoundMethod.php:37
/home/amir/Documents/Vandar/tasks/tasks/a/example-app/vendor/laravel/framework/src/Illuminate/Container/Container.php:653
/home/amir/Documents/Vandar/tasks/tasks/a/example-app/vendor/laravel/framework/src/Illuminate/Console/Command.php:136
/home/amir/Documents/Vandar/tasks/tasks/a/example-app/vendor/symfony/console/Command/Command.php:298
/home/amir/Documents/Vandar/tasks/tasks/a/example-app/vendor/laravel/framework/src/Illuminate/Console/Command.php:121
/home/amir/Documents/Vandar/tasks/tasks/a/example-app/vendor/symfony/console/Application.php:1015
/home/amir/Documents/Vandar/tasks/tasks/a/example-app/vendor/symfony/console/Application.php:299
/home/amir/Documents/Vandar/tasks/tasks/a/example-app/vendor/symfony/console/Application.php:171
/home/amir/Documents/Vandar/tasks/tasks/a/example-app/vendor/laravel/framework/src/Illuminate/Console/Application.php:94
/home/amir/Documents/Vandar/tasks/tasks/a/example-app/vendor/laravel/framework/src/Illuminate/Console/Application.php:186
/home/amir/Documents/Vandar/tasks/tasks/a/example-app/vendor/laravel/framework/src/Illuminate/Foundation/Console/Kernel.php:263
/home/amir/Documents/Vandar/tasks/tasks/a/example-app/vendor/laravel/framework/src/Illuminate/Testing/PendingCommand.php:260
/home/amir/Documents/Vandar/tasks/tasks/a/example-app/vendor/laravel/framework/src/Illuminate/Testing/PendingCommand.php:413
/home/amir/Documents/Vandar/tasks/tasks/a/example-app/vendor/laravel/framework/src/Illuminate/Foundation/Testing/Concerns/InteractsWithConsole.php:66
/home/amir/Documents/Vandar/tasks/tasks/a/example-app/vendor/laravel/framework/src/Illuminate/Foundation/Testing/RefreshDatabase.php:45
/home/amir/Documents/Vandar/tasks/tasks/a/example-app/vendor/laravel/framework/src/Illuminate/Foundation/Testing/RefreshDatabase.php:20
/home/amir/Documents/Vandar/tasks/tasks/a/example-app/vendor/laravel/framework/src/Illuminate/Foundation/Testing/TestCase.php:122
/home/amir/Documents/Vandar/tasks/tasks/a/example-app/vendor/laravel/framework/src/Illuminate/Foundation/Testing/TestCase.php:91</error>
          </testcase>
          <testcase name="testValidation with data set #4" class="Tests\Feature\BookPostTest" classname="Tests.Feature.BookPostTest" file="/home/amir/Documents/Vandar/tasks/tasks/a/example-app/tests/Feature/BookPostTest.php" line="72" assertions="0" time="0.007075">
            <error type="Illuminate\Database\QueryException">Tests\Feature\BookPostTest::testValidation with data set #4 (array('97883283023422'), 'isbn')
Illuminate\Database\QueryException: could not find driver (SQL: PRAGMA foreign_keys = ON;)

/home/amir/Documents/Vandar/tasks/tasks/a/example-app/vendor/laravel/framework/src/Illuminate/Database/Connection.php:712
/home/amir/Documents/Vandar/tasks/tasks/a/example-app/vendor/laravel/framework/src/Illuminate/Database/Connection.php:672
/home/amir/Documents/Vandar/tasks/tasks/a/example-app/vendor/laravel/framework/src/Illuminate/Database/Connection.php:502
/home/amir/Documents/Vandar/tasks/tasks/a/example-app/vendor/laravel/framework/src/Illuminate/Database/Schema/Builder.php:340
/home/amir/Documents/Vandar/tasks/tasks/a/example-app/vendor/laravel/framework/src/Illuminate/Database/SQLiteConnection.php:37
/home/amir/Documents/Vandar/tasks/tasks/a/example-app/vendor/laravel/framework/src/Illuminate/Database/Connectors/ConnectionFactory.php:282
/home/amir/Documents/Vandar/tasks/tasks/a/example-app/vendor/laravel/framework/src/Illuminate/Database/Connectors/ConnectionFactory.php:76
/home/amir/Documents/Vandar/tasks/tasks/a/example-app/vendor/laravel/framework/src/Illuminate/Database/Connectors/ConnectionFactory.php:50
/home/amir/Documents/Vandar/tasks/tasks/a/example-app/vendor/laravel/framework/src/Illuminate/Database/DatabaseManager.php:140
/home/amir/Documents/Vandar/tasks/tasks/a/example-app/vendor/laravel/framework/src/Illuminate/Database/DatabaseManager.php:95
/home/amir/Documents/Vandar/tasks/tasks/a/example-app/vendor/laravel/framework/src/Illuminate/Database/Migrations/DatabaseMigrationRepository.php:211
/home/amir/Documents/Vandar/tasks/tasks/a/example-app/vendor/laravel/framework/src/Illuminate/Database/Migrations/DatabaseMigrationRepository.php:167
/home/amir/Documents/Vandar/tasks/tasks/a/example-app/vendor/laravel/framework/src/Illuminate/Database/Migrations/Migrator.php:673
/home/amir/Documents/Vandar/tasks/tasks/a/example-app/vendor/laravel/framework/src/Illuminate/Database/Console/Migrations/MigrateCommand.php:106
/home/amir/Documents/Vandar/tasks/tasks/a/example-app/vendor/laravel/framework/src/Illuminate/Database/Console/Migrations/MigrateCommand.php:77
/home/amir/Documents/Vandar/tasks/tasks/a/example-app/vendor/laravel/framework/src/Illuminate/Database/Migrations/Migrator.php:606
/home/amir/Documents/Vandar/tasks/tasks/a/example-app/vendor/laravel/framework/src/Illuminate/Database/Console/Migrations/MigrateCommand.php:94
/home/amir/Documents/Vandar/tasks/tasks/a/example-app/vendor/laravel/framework/src/Illuminate/Container/BoundMethod.php:36
/home/amir/Documents/Vandar/tasks/tasks/a/example-app/vendor/laravel/framework/src/Illuminate/Container/Util.php:40
/home/amir/Documents/Vandar/tasks/tasks/a/example-app/vendor/laravel/framework/src/Illuminate/Container/BoundMethod.php:93
/home/amir/Documents/Vandar/tasks/tasks/a/example-app/vendor/laravel/framework/src/Illuminate/Container/BoundMethod.php:37
/home/amir/Documents/Vandar/tasks/tasks/a/example-app/vendor/laravel/framework/src/Illuminate/Container/Container.php:653
/home/amir/Documents/Vandar/tasks/tasks/a/example-app/vendor/laravel/framework/src/Illuminate/Console/Command.php:136
/home/amir/Documents/Vandar/tasks/tasks/a/example-app/vendor/symfony/console/Command/Command.php:298
/home/amir/Documents/Vandar/tasks/tasks/a/example-app/vendor/laravel/framework/src/Illuminate/Console/Command.php:121
/home/amir/Documents/Vandar/tasks/tasks/a/example-app/vendor/symfony/console/Application.php:1015
/home/amir/Documents/Vandar/tasks/tasks/a/example-app/vendor/symfony/console/Application.php:299
/home/amir/Documents/Vandar/tasks/tasks/a/example-app/vendor/symfony/console/Application.php:171
/home/amir/Documents/Vandar/tasks/tasks/a/example-app/vendor/laravel/framework/src/Illuminate/Console/Application.php:94
/home/amir/Documents/Vandar/tasks/tasks/a/example-app/vendor/laravel/framework/src/Illuminate/Console/Application.php:186
/home/amir/Documents/Vandar/tasks/tasks/a/example-app/vendor/laravel/framework/src/Illuminate/Foundation/Console/Kernel.php:263
/home/amir/Documents/Vandar/tasks/tasks/a/example-app/vendor/laravel/framework/src/Illuminate/Testing/PendingCommand.php:260
[...]
/home/amir/Documents/Vandar/tasks/tasks/a/example-app/vendor/laravel/framework/src/Illuminate/Database/DatabaseManager.php:95
/home/amir/Documents/Vandar/tasks/tasks/a/example-app/vendor/laravel/framework/src/Illuminate/Database/Migrations/DatabaseMigrationRepository.php:211
/home/amir/Documents/Vandar/tasks/tasks/a/example-app/vendor/laravel/framework/src/Illuminate/Database/Migrations/DatabaseMigrationRepository.php:167
/home/amir/Documents/Vandar/tasks/tasks/a/example-app/vendor/laravel/framework/src/Illuminate/Database/Migrations/Migrator.php:673
/home/amir/Documents/Vandar/tasks/tasks/a/example-app/vendor/laravel/framework/src/Illuminate/Database/Console/Migrations/MigrateCommand.php:106
/home/amir/Documents/Vandar/tasks/tasks/a/example-app/vendor/laravel/framework/src/Illuminate/Database/Console/Migrations/MigrateCommand.php:77
/home/amir/Documents/Vandar/tasks/tasks/a/example-app/vendor/laravel/framework/src/Illuminate/Database/Migrations/Migrator.php:606
/home/amir/Documents/Vandar/tasks/tasks/a/example-app/vendor/laravel/framework/src/Illuminate/Database/Console/Migrations/MigrateCommand.php:94
/home/amir/Documents/Vandar/tasks/tasks/a/example-app/vendor/laravel/framework/src/Illuminate/Container/BoundMethod.php:36
/home/amir/Documents/Vandar/tasks/tasks/a/example-app/vendor/laravel/framework/src/Illuminate/Container/Util.php:40
/home/amir/Documents/Vandar/tasks/tasks/a/example-app/vendor/laravel/framework/src/Illuminate/Container/BoundMethod.php:93
/home/amir/Documents/Vandar/tasks/tasks/a/example-app/vendor/laravel/framework/src/Illuminate/Container/BoundMethod.php:37
/home/amir/Documents/Vandar/tasks/tasks/a/example-app/vendor/laravel/framework/src/Illuminate/Container/Container.php:653
/home/amir/Documents/Vandar/tasks/tasks/a/example-app/vendor/laravel/framework/src/Illuminate/Console/Command.php:136
/home/amir/Documents/Vandar/tasks/tasks/a/example-app/vendor/symfony/console/Command/Command.php:298
/home/amir/Documents/Vandar/tasks/tasks/a/example-app/vendor/laravel/framework/src/Illuminate/Console/Command.php:121
/home/amir/Documents/Vandar/tasks/tasks/a/example-app/vendor/symfony/console/Application.php:1015
/home/amir/Documents/Vandar/tasks/tasks/a/example-app/vendor/symfony/console/Application.php:299
/home/amir/Documents/Vandar/tasks/tasks/a/example-app/vendor/symfony/console/Application.php:171
/home/amir/Documents/Vandar/tasks/tasks/a/example-app/vendor/laravel/framework/src/Illuminate/Console/Application.php:94
/home/amir/Documents/Vandar/tasks/tasks/a/example-app/vendor/laravel/framework/src/Illuminate/Console/Application.php:186
/home/amir/Documents/Vandar/tasks/tasks/a/example-app/vendor/laravel/framework/src/Illuminate/Foundation/Console/Kernel.php:263
/home/amir/Documents/Vandar/tasks/tasks/a/example-app/vendor/laravel/framework/src/Illuminate/Testing/PendingCommand.php:260
/home/amir/Documents/Vandar/tasks/tasks/a/example-app/vendor/laravel/framework/src/Illuminate/Testing/PendingCommand.php:413
/home/amir/Documents/Vandar/tasks/tasks/a/example-app/vendor/laravel/framework/src/Illuminate/Foundation/Testing/Concerns/InteractsWithConsole.php:66
/home/amir/Documents/Vandar/tasks/tasks/a/example-app/vendor/laravel/framework/src/Illuminate/Foundation/Testing/RefreshDatabase.php:45
/home/amir/Documents/Vandar/tasks/tasks/a/example-app/vendor/laravel/framework/src/Illuminate/Foundation/Testing/RefreshDatabase.php:20
/home/amir/Documents/Vandar/tasks/tasks/a/example-app/vendor/laravel/framework/src/Illuminate/Foundation/Testing/TestCase.php:122
/home/amir/Documents/Vandar/tasks/tasks/a/example-app/vendor/laravel/framework/src/Illuminate/Foundation/Testing/TestCase.php:91</error>
          </testcase>
          <testcase name="testValidation with data set #6" class="Tests\Feature\BookReviewTest" classname="Tests.Feature.BookReviewTest" file="/home/amir/Documents/Vandar/tasks/tasks/a/example-app/tests/Feature/BookReviewTest.php" line="64" assertions="0" time="0.005705">
            <error type="Illuminate\Database\QueryException">Tests\Feature\BookReviewTest::testValidation with data set #6 (array(null), 'comment')
Illuminate\Database\QueryException: could not find driver (SQL: PRAGMA foreign_keys = ON;)

/home/amir/Documents/Vandar/tasks/tasks/a/example-app/vendor/laravel/framework/src/Illuminate/Database/Connection.php:712
/home/amir/Documents/Vandar/tasks/tasks/a/example-app/vendor/laravel/framework/src/Illuminate/Database/Connection.php:672
/home/amir/Documents/Vandar/tasks/tasks/a/example-app/vendor/laravel/framework/src/Illuminate/Database/Connection.php:502
/home/amir/Documents/Vandar/tasks/tasks/a/example-app/vendor/laravel/framework/src/Illuminate/Database/Schema/Builder.php:340
/home/amir/Documents/Vandar/tasks/tasks/a/example-app/vendor/laravel/framework/src/Illuminate/Database/SQLiteConnection.php:37
/home/amir/Documents/Vandar/tasks/tasks/a/example-app/vendor/laravel/framework/src/Illuminate/Database/Connectors/ConnectionFactory.php:282
/home/amir/Documents/Vandar/tasks/tasks/a/example-app/vendor/laravel/framework/src/Illuminate/Database/Connectors/ConnectionFactory.php:76
/home/amir/Documents/Vandar/tasks/tasks/a/example-app/vendor/laravel/framework/src/Illuminate/Database/Connectors/ConnectionFactory.php:50
/home/amir/Documents/Vandar/tasks/tasks/a/example-app/vendor/laravel/framework/src/Illuminate/Database/DatabaseManager.php:140
/home/amir/Documents/Vandar/tasks/tasks/a/example-app/vendor/laravel/framework/src/Illuminate/Database/DatabaseManager.php:95
/home/amir/Documents/Vandar/tasks/tasks/a/example-app/vendor/laravel/framework/src/Illuminate/Database/Migrations/DatabaseMigrationRepository.php:211
/home/amir/Documents/Vandar/tasks/tasks/a/example-app/vendor/laravel/framework/src/Illuminate/Database/Migrations/DatabaseMigrationRepository.php:167
/home/amir/Documents/Vandar/tasks/tasks/a/example-app/vendor/laravel/framework/src/Illuminate/Database/Migrations/Migrator.php:673
/home/amir/Documents/Vandar/tasks/tasks/a/example-app/vendor/laravel/framework/src/Illuminate/Database/Console/Migrations/MigrateCommand.php:106
/home/amir/Documents/Vandar/tasks/tasks/a/example-app/vendor/laravel/framework/src/Illuminate/Database/Console/Migrations/MigrateCommand.php:77
/home/amir/Documents/Vandar/tasks/tasks/a/example-app/vendor/laravel/framework/src/Illuminate/Database/Migrations/Migrator.php:606
/home/amir/Documents/Vandar/tasks/tasks/a/example-app/vendor/laravel/framework/src/Illuminate/Database/Console/Migrations/MigrateCommand.php:94
/home/amir/Documents/Vandar/tasks/tasks/a/example-app/vendor/laravel/framework/src/Illuminate/Container/BoundMethod.php:36
/home/amir/Documents/Vandar/tasks/tasks/a/example-app/vendor/laravel/framework/src/Illuminate/Container/Util.php:40
/home/amir/Documents/Vandar/tasks/tasks/a/example-app/vendor/laravel/framework/src/Illuminate/Container/BoundMethod.php:93
/home/amir/Documents/Vandar/tasks/tasks/a/example-app/vendor/laravel/framework/src/Illuminate/Container/BoundMethod.php:37
/home/amir/Documents/Vandar/tasks/tasks/a/example-app/vendor/laravel/framework/src/Illuminate/Container/Container.php:653
/home/amir/Documents/Vandar/tasks/tasks/a/example-app/vendor/laravel/framework/src/Illuminate/Console/Command.php:136
/home/amir/Documents/Vandar/tasks/tasks/a/example-app/vendor/symfony/console/Command/Command.php:298
/home/amir/Documents/Vandar/tasks/tasks/a/example-app/vendor/laravel/framework/src/Illuminate/Console/Command.php:121
/home/amir/Documents/Vandar/tasks/tasks/a/example-app/vendor/symfony/console/Application.php:1015
/home/amir/Documents/Vandar/tasks/tasks/a/example-app/vendor/symfony/console/Application.php:299
/home/amir/Documents/Vandar/tasks/tasks/a/example-app/vendor/symfony/console/Application.php:171
/home/amir/Documents/Vandar/tasks/tasks/a/example-app/vendor/laravel/framework/src/Illuminate/Console/Application.php:94
/home/amir/Documents/Vandar/tasks/tasks/a/example-app/vendor/laravel/framework/src/Illuminate/Console/Application.php:186
/home/amir/Documents/Vandar/tasks/tasks/a/example-app/vendor/laravel/framework/src/Illuminate/Foundation/Console/Kernel.php:263
/home/amir/Documents/Vandar/tasks/tasks/a/example-app/vendor/laravel/framework/src/Illuminate/Testing/PendingCommand.php:260
/home/amir/Documents/Vandar/tasks/tasks/a/example-app/vendor/laravel/framework/src/Illuminate/Testing/PendingCommand.php:413
/home/amir/Documents/Vandar/tasks/tasks/a/example-app/vendor/laravel/framework/src/Illuminate/Foundation/Testing/Concerns/InteractsWithConsole.php:66
/home/amir/Documents/Vandar/tasks/tasks/a/example-app/vendor/laravel/framework/src/Illuminate/Foundation/Testing/RefreshDatabase.php:45
/home/amir/Documents/Vandar/tasks/tasks/a/example-app/vendor/laravel/framework/src/Illuminate/Foundation/Testing/RefreshDatabase.php:20
/home/amir/Documents/Vandar/tasks/tasks/a/example-app/vendor/laravel/framework/src/Illuminate/Foundation/Testing/TestCase.php:122
/home/amir/Documents/Vandar/tasks/tasks/a/example-app/vendor/laravel/framework/src/Illuminate/Foundation/Testing/TestCase.php:91</error>
          </testcase>
          <testcase name="testValidation with data set #7" class="Tests\Feature\BookReviewTest" classname="Tests.Feature.BookReviewTest" file="/home/amir/Documents/Vandar/tasks/tasks/a/example-app/tests/Feature/BookReviewTest.php" line="64" assertions="0" time="0.012053">
            <error type="Illuminate\Database\QueryException">Tests\Feature\BookReviewTest::testValidation with data set #7 (array(''), 'comment')
Illuminate\Database\QueryException: could not find driver (SQL: PRAGMA foreign_keys = ON;)

/home/amir/Documents/Vandar/tasks/tasks/a/example-app/vendor/laravel/framework/src/Illuminate/Database/Connection.php:712
/home/amir/Documents/Vandar/tasks/tasks/a/example-app/vendor/laravel/framework/src/Illuminate/Database/Connection.php:672
/home/amir/Documents/Vandar/tasks/tasks/a/example-app/vendor/laravel/framework/src/Illuminate/Database/Connection.php:502
/home/amir/Documents/Vandar/tasks/tasks/a/example-app/vendor/laravel/framework/src/Illuminate/Database/Schema/Builder.php:340
/home/amir/Documents/Vandar/tasks/tasks/a/example-app/vendor/laravel/framework/src/Illuminate/Database/SQLiteConnection.php:37
/home/amir/Documents/Vandar/tasks/tasks/a/example-app/vendor/laravel/framework/src/Illuminate/Database/Connectors/ConnectionFactory.php:282
/home/amir/Documents/Vandar/tasks/tasks/a/example-app/vendor/laravel/framework/src/Illuminate/Database/Connectors/ConnectionFactory.php:76
/home/amir/Documents/Vandar/tasks/tasks/a/example-app/vendor/laravel/framework/src/Illuminate/Database/Connectors/ConnectionFactory.php:50
/home/amir/Documents/Vandar/tasks/tasks/a/example-app/vendor/laravel/framework/src/Illuminate/Database/DatabaseManager.php:140
/home/amir/Documents/Vandar/tasks/tasks/a/example-app/vendor/laravel/framework/src/Illuminate/Database/DatabaseManager.php:95
/home/amir/Documents/Vandar/tasks/tasks/a/example-app/vendor/laravel/framework/src/Illuminate/Database/Migrations/DatabaseMigrationRepository.php:211
/home/amir/Documents/Vandar/tasks/tasks/a/example-app/vendor/laravel/framework/src/Illuminate/Database/Migrations/DatabaseMigrationRepository.php:167
/home/amir/Documents/Vandar/tasks/tasks/a/example-app/vendor/laravel/framework/src/Illuminate/Database/Migrations/Migrator.php:673
/home/amir/Documents/Vandar/tasks/tasks/a/example-app/vendor/laravel/framework/src/Illuminate/Database/Console/Migrations/MigrateCommand.php:106
/home/amir/Documents/Vandar/tasks/tasks/a/example-app/vendor/laravel/framework/src/Illuminate/Database/Console/Migrations/MigrateCommand.php:77
/home/amir/Documents/Vandar/tasks/tasks/a/example-app/vendor/laravel/framework/src/Illuminate/Database/Migrations/Migrator.php:606
/home/amir/Documents/Vandar/tasks/tasks/a/example-app/vendor/laravel/framework/src/Illuminate/Database/Console/Migrations/MigrateCommand.php:94
/home/amir/Documents/Vandar/tasks/tasks/a/example-app/vendor/laravel/framework/src/Illuminate/Container/BoundMethod.php:36
/home/amir/Documents/Vandar/tasks/tasks/a/example-app/vendor/laravel/framework/src/Illuminate/Container/Util.php:40
/home/amir/Documents/Vandar/tasks/tasks/a/example-app/vendor/laravel/framework/src/Illuminate/Container/BoundMethod.php:93
/home/amir/Documents/Vandar/tasks/tasks/a/example-app/vendor/laravel/framework/src/Illuminate/Container/BoundMethod.php:37
/home/amir/Documents/Vandar/tasks/tasks/a/example-app/vendor/laravel/framework/src/Illuminate/Container/Container.php:653
/home/amir/Documents/Vandar/tasks/tasks/a/example-app/vendor/laravel/framework/src/Illuminate/Console/Command.php:136
/home/amir/Documents/Vandar/tasks/tasks/a/example-app/vendor/symfony/console/Command/Command.php:298
/home/amir/Documents/Vandar/tasks/tasks/a/example-app/vendor/laravel/framework/src/Illuminate/Console/Command.php:121
/home/amir/Documents/Vandar/tasks/tasks/a/example-app/vendor/symfony/console/Application.php:1015
/home/amir/Documents/Vandar/tasks/tasks/a/example-app/vendor/symfony/console/Application.php:299
/home/amir/Documents/Vandar/tasks/tasks/a/example-app/vendor/symfony/console/Application.php:171
/home/amir/Documents/Vandar/tasks/tasks/a/example-app/vendor/laravel/framework/src/Illuminate/Console/Application.php:94
/home/amir/Documents/Vandar/tasks/tasks/a/example-app/vendor/laravel/framework/src/Illuminate/Console/Application.php:186
/home/amir/Documents/Vandar/tasks/tasks/a/example-app/vendor/laravel/framework/src/Illuminate/Foundation/Console/Kernel.php:263
/home/amir/Documents/Vandar/tasks/tasks/a/example-app/vendor/laravel/framework/src/Illuminate/Testing/PendingCommand.php:260
/home/amir/Documents/Vandar/tasks/tasks/a/example-app/vendor/laravel/framework/src/Illuminate/Testing/PendingCommand.php:413
/home/amir/Documents/Vandar/tasks/tasks/a/example-app/vendor/laravel/framework/src/Illuminate/Foundation/Testing/Concerns/InteractsWithConsole.php:66
/home/amir/Documents/Vandar/tasks/tasks/a/example-app/vendor/laravel/framework/src/Illuminate/Foundation/Testing/RefreshDatabase.php:45
/home/amir/Documents/Vandar/tasks/tasks/a/example-app/vendor/laravel/framework/src/Illuminate/Foundation/Testing/RefreshDatabase.php:20
/home/amir/Documents/Vandar/tasks/tasks/a/example-app/vendor/laravel/framework/src/Illuminate/Foundation/Testing/TestCase.php:122
/home/amir/Documents/Vandar/tasks/tasks/a/example-app/vendor/laravel/framework/src/Illuminate/Foundation/Testing/TestCase.php:91</error>
          </testcase>
          <testcase name="testValidation with data set #8" class="Tests\Feature\BookReviewTest" classname="Tests.Feature.BookReviewTest" file="/home/amir/Documents/Vandar/tasks/tasks/a/example-app/tests/Feature/BookReviewTest.php" line="64" assertions="0" time="0.015227">
            <error type="Illuminate\Database\QueryException">Tests\Feature\BookReviewTest::testValidation with data set #8 (array(array()), 'comment')
Illuminate\Database\QueryException: could not find driver (SQL: PRAGMA foreign_keys = ON;)

/home/amir/Documents/Vandar/tasks/tasks/a/example-app/vendor/laravel/framework/src/Illuminate/Database/Connection.php:712
/home/amir/Documents/Vandar/tasks/tasks/a/example-app/vendor/laravel/framework/src/Illuminate/Database/Connection.php:672
/home/amir/Documents/Vandar/tasks/tasks/a/example-app/vendor/laravel/framework/src/Illuminate/Database/Connection.php:502
/home/amir/Documents/Vandar/tasks/tasks/a/example-app/vendor/laravel/framework/src/Illuminate/Database/Schema/Builder.php:340
/home/amir/Documents/Vandar/tasks/tasks/a/example-app/vendor/laravel/framework/src/Illuminate/Database/SQLiteConnection.php:37
/home/amir/Documents/Vandar/tasks/tasks/a/example-app/vendor/laravel/framework/src/Illuminate/Database/Connectors/ConnectionFactory.php:282
/home/amir/Documents/Vandar/tasks/tasks/a/example-app/vendor/laravel/framework/src/Illuminate/Database/Connectors/ConnectionFactory.php:76
/home/amir/Documents/Vandar/tasks/tasks/a/example-app/vendor/laravel/framework/src/Illuminate/Database/Connectors/ConnectionFactory.php:50
/home/amir/Documents/Vandar/tasks/tasks/a/example-app/vendor/laravel/framework/src/Illuminate/Database/DatabaseManager.php:140
/home/amir/Documents/Vandar/tasks/tasks/a/example-app/vendor/laravel/framework/src/Illuminate/Database/DatabaseManager.php:95
/home/amir/Documents/Vandar/tasks/tasks/a/example-app/vendor/laravel/framework/src/Illuminate/Database/Migrations/DatabaseMigrationRepository.php:211
/home/amir/Documents/Vandar/tasks/tasks/a/example-app/vendor/laravel/framework/src/Illuminate/Database/Migrations/DatabaseMigrationRepository.php:167
/home/amir/Documents/Vandar/tasks/tasks/a/example-app/vendor/laravel/framework/src/Illuminate/Database/Migrations/Migrator.php:673
/home/amir/Documents/Vandar/tasks/tasks/a/example-app/vendor/laravel/framework/src/Illuminate/Database/Console/Migrations/MigrateCommand.php:106
/home/amir/Documents/Vandar/tasks/tasks/a/example-app/vendor/laravel/framework/src/Illuminate/Database/Console/Migrations/MigrateCommand.php:77
/home/amir/Documents/Vandar/tasks/tasks/a/example-app/vendor/laravel/framework/src/Illuminate/Database/Migrations/Migrator.php:606
/home/amir/Documents/Vandar/tasks/tasks/a/example-app/vendor/laravel/framework/src/Illuminate/Database/Console/Migrations/MigrateCommand.php:94
/home/amir/Documents/Vandar/tasks/tasks/a/example-app/vendor/laravel/framework/src/Illuminate/Container/BoundMethod.php:36
/home/amir/Documents/Vandar/tasks/tasks/a/example-app/vendor/laravel/framework/src/Illuminate/Container/Util.php:40
/home/amir/Documents/Vandar/tasks/tasks/a/example-app/vendor/laravel/framework/src/Illuminate/Container/BoundMethod.php:93
/home/amir/Documents/Vandar/tasks/tasks/a/example-app/vendor/laravel/framework/src/Illuminate/Container/BoundMethod.php:37
/home/amir/Documents/Vandar/tasks/tasks/a/example-app/vendor/laravel/framework/src/Illuminate/Container/Container.php:653
/home/amir/Documents/Vandar/tasks/tasks/a/example-app/vendor/laravel/framework/src/Illuminate/Console/Command.php:136
/home/amir/Documents/Vandar/tasks/tasks/a/example-app/vendor/symfony/console/Command/Command.php:298
/home/amir/Documents/Vandar/tasks/tasks/a/example-app/vendor/laravel/framework/src/Illuminate/Console/Command.php:121
/home/amir/Documents/Vandar/tasks/tasks/a/example-app/vendor/symfony/console/Application.php:1015
/home/amir/Documents/Vandar/tasks/tasks/a/example-app/vendor/symfony/console/Application.php:299
/home/amir/Documents/Vandar/tasks/tasks/a/example-app/vendor/symfony/console/Application.php:171
/home/amir/Documents/Vandar/tasks/tasks/a/example-app/vendor/laravel/framework/src/Illuminate/Console/Application.php:94
/home/amir/Documents/Vandar/tasks/tasks/a/example-app/vendor/laravel/framework/src/Illuminate/Console/Application.php:186
/home/amir/Documents/Vandar/tasks/tasks/a/example-app/vendor/laravel/framework/src/Illuminate/Foundation/Console/Kernel.php:263
/home/amir/Documents/Vandar/tasks/tasks/a/example-app/vendor/laravel/framework/src/Illuminate/Testing/PendingCommand.php:260
/home/amir/Documents/Vandar/tasks/tasks/a/example-app/vendor/laravel/framework/src/Illuminate/Testing/PendingCommand.php:413
/home/amir/Documents/Vandar/tasks/tasks/a/example-app/vendor/laravel/framework/src/Illuminate/Foundation/Testing/Concerns/InteractsWithConsole.php:66
/home/amir/Documents/Vandar/tasks/tasks/a/example-app/vendor/laravel/framework/src/Illuminate/Foundation/Testing/RefreshDatabase.php:45
/home/amir/Documents/Vandar/tasks/tasks/a/example-app/vendor/laravel/framework/src/Illuminate/Foundation/Testing/RefreshDatabase.php:20
/home/amir/Documents/Vandar/tasks/tasks/a/example-app/vendor/laravel/framework/src/Illuminate/Foundation/Testing/TestCase.php:122
/home/amir/Documents/Vandar/tasks/tasks/a/example-app/vendor/laravel/framework/src/Illuminate/Foundation/Testing/TestCase.php:91</error>
          </testcase>
        </testsuite>
      </testsuite>
    </testsuite>
  </testsuite>
</testsuites>
